#
# There is insufficient memory for the Java Runtime Environment to continue.
# Native memory allocation (mmap) failed to map 54525952 bytes for committing reserved memory.
# Possible reasons:
#   The system is out of physical RAM or swap space
#   The process is running with CompressedOops enabled, and the Java Heap may be blocking the growth of the native heap
# Possible solutions:
#   Reduce memory load on the system
#   Increase physical memory or swap space
#   Check if swap backing store is full
#   Decrease Java heap size (-Xmx/-Xms)
#   Decrease number of Java threads
#   Decrease Java thread stack sizes (-Xss)
#   Set larger code cache with -XX:ReservedCodeCacheSize=
#   JVM is running with Unscaled Compressed Oops mode in which the Java heap is
#     placed in the first 4GB address space. The Java Heap base address is the
#     maximum limit for the native heap growth. Please use -XX:HeapBaseMinAddress
#     to set the Java Heap base and to place the Java Heap above 4GB virtual address.
# This output file may be truncated or incomplete.
#
#  Out of Memory Error (os_linux.cpp:2659), pid=27207, tid=27218
#
# JRE version: Java(TM) SE Runtime Environment (12.0.1+12) (build 12.0.1+12)
# Java VM: Java HotSpot(TM) 64-Bit Server VM (12.0.1+12, mixed mode, sharing, tiered, compressed oops, g1 gc, linux-amd64)
# Core dump will be written. Default location: Core dumps may be processed with "/usr/share/apport/apport %p %s %c %d %P" (or dumping to /home/tcs/Downloads/shivangi/eclipse-jee-photon-R-linux-gtk-x86_64(1)/eclipse/t/discovery-server/core.27207)
#

---------------  S U M M A R Y ------------

Command Line: -Dcom.sun.management.jmxremote -Dcom.sun.management.jmxremote.port=43405 -Dcom.sun.management.jmxremote.authenticate=false -Dcom.sun.management.jmxremote.ssl=false -Djava.rmi.server.hostname=localhost -Dspring.liveBeansView.mbeanDomain -Dspring.application.admin.enabled=true -Djava.security.egd=file:/dev/./urandom -Xverify:none -XX:TieredStopAtLevel=1 -Dfile.encoding=UTF-8 com.example.demo.DiscoveryServerApplication

Host: Intel(R) Core(TM) i5-4570T CPU @ 2.90GHz, 4 cores, 3G, Ubuntu 18.04.2 LTS
Time: Wed May 29 00:10:31 2019 IST elapsed time: 22898 seconds (0d 6h 21m 38s)

---------------  T H R E A D  ---------------

Current thread (0x00007f78f80c8800):  VMThread "VM Thread" [stack: 0x00007f78dcd4f000,0x00007f78dce4f000] [id=27218]

Stack: [0x00007f78dcd4f000,0x00007f78dce4f000],  sp=0x00007f78dce4cf30,  free space=1015k
Native frames: (J=compiled Java code, A=aot compiled Java code, j=interpreted, Vv=VM code, C=native code)
V  [libjvm.so+0xe43ca0]  VMError::report_and_die(int, char const*, char const*, __va_list_tag*, Thread*, unsigned char*, void*, void*, char const*, int, unsigned long)+0x310
V  [libjvm.so+0xe4486b]  VMError::report_and_die(Thread*, char const*, int, unsigned long, VMErrorType, char const*, __va_list_tag*)+0x2b
V

[timeout occurred during error reporting in step "printing native stack"] after 37 s.
VM_Operation (0x00007f78678b4de0): G1CollectForAllocation, mode: safepoint, requested by thread 0x00007f78f9532800


---------------  P R O C E S S  ---------------

Threads class SMR info:
_java_thread_list=0x00007f78c8018460, length=61, elements={
0x00007f78f80cb800, 0x00007f78f80cd800, 0x00007f78f80d3000, 0x00007f78f80d5000,
0x00007f78f80d7000, 0x00007f78f80f5800, 0x00007f78f8125800, 0x00007f78f86ac000,
0x00007f78f86b5000, 0x00007f78f86c8800, 0x00007f78f952c800, 0x00007f78f97bf000,
0x00007f7878003000, 0x00007f78f97c2000, 0x00007f78f96a8800, 0x00007f78f96aa000,
0x00007f78f96ac800, 0x00007f78f96ae800, 0x00007f78f96b0000, 0x00007f78f977c000,
0x00007f78f9532800, 0x00007f78f953c800, 0x00007f78f9540800, 0x00007f78f9543000,
0x00007f78f9545000, 0x00007f78f9547000, 0x00007f78f9549000, 0x00007f78f954a800,
0x00007f78f954c800, 0x00007f78f954e800, 0x00007f78f9550800, 0x00007f78f9552800,
0x00007f78f9554800, 0x00007f78f9556800, 0x00007f78f9558800, 0x00007f78f955a800,
0x00007f78f955c800, 0x00007f78f955f000, 0x00007f78f9561000, 0x00007f78f9563000,
0x00007f78f9565000, 0x00007f78f9567000, 0x00007f78f9569800, 0x00007f78f956c000,
0x00007f78f956e000, 0x00007f78f956f800, 0x00007f78f9590000, 0x00007f78f9591800,
0x00007f78f9593800, 0x00007f78f9595800, 0x00007f78f9598000, 0x00007f78f959a000,
0x00007f78f959c000, 0x00007f78f959e000, 0x00007f78f95a0000, 0x00007f78f95a2000,
0x00007f78f95a4000, 0x00007f78f95a9000, 0x00007f78f95ae000, 0x00007f78f95b1800,
0x00007f78f8015800
}

Java Threads: ( => current thread )
  0x00007f78f80cb800 JavaThread "Reference Handler" daemon [_thread_blocked, id=27219, stack(0x00007f78dcc4c000,0x00007f78dcd4d000)]
  0x00007f78f80cd800 JavaThread "Finalizer" daemon [_thread_blocked, id=27220, stack(0x00007f78dcb4b000,0x00007f78dcc4c000)]
  0x00007f78f80d3000 JavaThread "Signal Dispatcher" daemon [_thread_blocked, id=27221, stack(0x00007f78dc07b000,0x00007f78dc17c000)]
  0x00007f78f80d5000 JavaThread "C1 CompilerThread0" daemon [_thread_blocked, id=27222, stack(0x00007f78b7eff000,0x00007f78b8000000)]
  0x00007f78f80d7000 JavaThread "Sweeper thread" daemon [_thread_blocked, id=27223, stack(0x00007f78b7dfe000,0x00007f78b7eff000)]
  0x00007f78f80f5800 JavaThread "Common-Cleaner" daemon [_thread_blocked, id=27224, stack(0x00007f78b7cfd000,0x00007f78b7dfe000)]
  0x00007f78f8125800 JavaThread "Service Thread" daemon [_thread_blocked, id=27225, stack(0x00007f78b7bfc000,0x00007f78b7cfd000)]
  0x00007f78f86ac000 JavaThread "RMI TCP Accept-0" daemon [_thread_in_native, id=27227, stack(0x00007f78b70c3000,0x00007f78b71c4000)]
  0x00007f78f86b5000 JavaThread "RMI TCP Accept-43405" daemon [_thread_in_native, id=27228, stack(0x00007f78b6fc2000,0x00007f78b70c3000)]
  0x00007f78f86c8800 JavaThread "RMI TCP Accept-0" daemon [_thread_in_native, id=27229, stack(0x00007f78b6ec1000,0x00007f78b6fc2000)]
  0x00007f78f952c800 JavaThread "spring.cloud.inetutils" daemon [_thread_blocked, id=27239, stack(0x00007f78b6aba000,0x00007f78b6bbb000)]
  0x00007f78f97bf000 JavaThread "Catalina-utility-1" [_thread_blocked, id=27240, stack(0x00007f78b67b5000,0x00007f78b68b6000)]
  0x00007f7878003000 JavaThread "Catalina-utility-2" [_thread_blocked, id=27241, stack(0x00007f78b488f000,0x00007f78b4990000)]
  0x00007f78f97c2000 JavaThread "container-0" [_thread_blocked, id=27242, stack(0x00007f78b478e000,0x00007f78b488f000)]
  0x00007f78f96a8800 JavaThread "Eureka-DeltaRetentionTimer" daemon [_thread_blocked, id=27243, stack(0x00007f78b428d000,0x00007f78b438e000)]
  0x00007f78f96aa000 JavaThread "Eureka-EvictionTimer" daemon [_thread_blocked, id=27244, stack(0x00007f78b418c000,0x00007f78b428d000)]
  0x00007f78f96ac800 JavaThread "Eureka-MeasureRateTimer" daemon [_thread_blocked, id=27245, stack(0x00007f78b408b000,0x00007f78b418c000)]
  0x00007f78f96ae800 JavaThread "ReplicaAwareInstanceRegistry - RenewalThresholdUpdater" daemon [_thread_blocked, id=27246, stack(0x00007f7867eff000,0x00007f7868000000)]
  0x00007f78f96b0000 JavaThread "Eureka-MeasureRateTimer" daemon [_thread_blocked, id=27247, stack(0x00007f7867dfe000,0x00007f7867eff000)]
  0x00007f78f977c000 JavaThread "Eureka-JerseyClient-Conn-Cleaner2" daemon [_thread_blocked, id=27248, stack(0x00007f78678b7000,0x00007f78679b8000)]
  0x00007f78f9532800 JavaThread "TaskAcceptor-target_localhost" daemon [_thread_blocked, id=27249, stack(0x00007f78677b6000,0x00007f78678b7000)]
  0x00007f78f953c800 JavaThread "StatsMonitor-0" daemon [_thread_blocked, id=27250, stack(0x00007f78676b5000,0x00007f78677b6000)]
  0x00007f78f9540800 JavaThread "TaskBatchingWorker-target_localhost-0" daemon [_thread_blocked, id=27251, stack(0x00007f78675b4000,0x00007f78676b5000)]
  0x00007f78f9543000 JavaThread "TaskBatchingWorker-target_localhost-1" daemon [_thread_blocked, id=27252, stack(0x00007f78674b3000,0x00007f78675b4000)]
  0x00007f78f9545000 JavaThread "TaskBatchingWorker-target_localhost-2" daemon [_thread_blocked, id=27253, stack(0x00007f78673b2000,0x00007f78674b3000)]
  0x00007f78f9547000 JavaThread "TaskBatchingWorker-target_localhost-3" daemon [_thread_blocked, id=27254, stack(0x00007f78672b1000,0x00007f78673b2000)]
  0x00007f78f9549000 JavaThread "TaskBatchingWorker-target_localhost-4" daemon [_thread_blocked, id=27255, stack(0x00007f78671b0000,0x00007f78672b1000)]
  0x00007f78f954a800 JavaThread "TaskBatchingWorker-target_localhost-5" daemon [_thread_blocked, id=27256, stack(0x00007f78670af000,0x00007f78671b0000)]
  0x00007f78f954c800 JavaThread "TaskBatchingWorker-target_localhost-6" daemon [_thread_blocked, id=27257, stack(0x00007f7866fae000,0x00007f78670af000)]
  0x00007f78f954e800 JavaThread "TaskBatchingWorker-target_localhost-7" daemon [_thread_blocked, id=27258, stack(0x00007f7866ead000,0x00007f7866fae000)]
  0x00007f78f9550800 JavaThread "TaskBatchingWorker-target_localhost-8" daemon [_thread_blocked, id=27259, stack(0x00007f7866dac000,0x00007f7866ead000)]
  0x00007f78f9552800 JavaThread "TaskBatchingWorker-target_localhost-9" daemon [_thread_blocked, id=27260, stack(0x00007f7866cab000,0x00007f7866dac000)]
  0x00007f78f9554800 JavaThread "TaskBatchingWorker-target_localhost-10" daemon [_thread_blocked, id=27261, stack(0x00007f7866baa000,0x00007f7866cab000)]
  0x00007f78f9556800 JavaThread "TaskBatchingWorker-target_localhost-11" daemon [_thread_blocked, id=27262, stack(0x00007f7866aa9000,0x00007f7866baa000)]
  0x00007f78f9558800 JavaThread "TaskBatchingWorker-target_localhost-12" daemon [_thread_blocked, id=27263, stack(0x00007f78669a8000,0x00007f7866aa9000)]
  0x00007f78f955a800 JavaThread "TaskBatchingWorker-target_localhost-13" daemon [_thread_blocked, id=27264, stack(0x00007f78668a7000,0x00007f78669a8000)]
  0x00007f78f955c800 JavaThread "TaskBatchingWorker-target_localhost-14" daemon [_thread_blocked, id=27265, stack(0x00007f78667a6000,0x00007f78668a7000)]
  0x00007f78f955f000 JavaThread "TaskBatchingWorker-target_localhost-15" daemon [_thread_blocked, id=27266, stack(0x00007f78666a5000,0x00007f78667a6000)]
  0x00007f78f9561000 JavaThread "TaskBatchingWorker-target_localhost-16" daemon [_thread_blocked, id=27267, stack(0x00007f78665a4000,0x00007f78666a5000)]
  0x00007f78f9563000 JavaThread "TaskBatchingWorker-target_localhost-17" daemon [_thread_blocked, id=27268, stack(0x00007f78664a3000,0x00007f78665a4000)]
  0x00007f78f9565000 JavaThread "TaskBatchingWorker-target_localhost-18" daemon [_thread_blocked, id=27269, stack(0x00007f78663a2000,0x00007f78664a3000)]
  0x00007f78f9567000 JavaThread "TaskBatchingWorker-target_localhost-19" daemon [_thread_blocked, id=27270, stack(0x00007f78662a1000,0x00007f78663a2000)]
  0x00007f78f9569800 JavaThread "TaskAcceptor-localhost" daemon [_thread_blocked, id=27271, stack(0x00007f78661a0000,0x00007f78662a1000)]
  0x00007f78f956c000 JavaThread "TaskNonBatchingWorker-localhost-0" daemon [_thread_blocked, id=27272, stack(0x00007f786609f000,0x00007f78661a0000)]
  0x00007f78f956e000 JavaThread "Eureka-PeerNodesUpdater" daemon [_thread_blocked, id=27273, stack(0x00007f7865f9e000,0x00007f786609f000)]
  0x00007f78f956f800 JavaThread "Eureka-CacheFillTimer" daemon [_thread_blocked, id=27274, stack(0x00007f7865e9d000,0x00007f7865f9e000)]
  0x00007f78f9590000 JavaThread "NioBlockingSelector.BlockPoller-1" daemon [_thread_blocked, id=27276, stack(0x00007f7865a9b000,0x00007f7865b9c000)]
  0x00007f78f9591800 JavaThread "http-nio-8761-exec-1" daemon [_thread_blocked, id=27277, stack(0x00007f786599a000,0x00007f7865a9b000)]
  0x00007f78f9593800 JavaThread "http-nio-8761-exec-2" daemon [_thread_blocked, id=27278, stack(0x00007f7865899000,0x00007f786599a000)]
  0x00007f78f9595800 JavaThread "http-nio-8761-exec-3" daemon [_thread_blocked, id=27279, stack(0x00007f7865798000,0x00007f7865899000)]
  0x00007f78f9598000 JavaThread "http-nio-8761-exec-4" daemon [_thread_blocked, id=27280, stack(0x00007f7865697000,0x00007f7865798000)]
  0x00007f78f959a000 JavaThread "http-nio-8761-exec-5" daemon [_thread_blocked, id=27281, stack(0x00007f7865596000,0x00007f7865697000)]
  0x00007f78f959c000 JavaThread "http-nio-8761-exec-6" daemon [_thread_blocked, id=27282, stack(0x00007f7865495000,0x00007f7865596000)]
  0x00007f78f959e000 JavaThread "http-nio-8761-exec-7" daemon [_thread_blocked, id=27283, stack(0x00007f7865394000,0x00007f7865495000)]
  0x00007f78f95a0000 JavaThread "http-nio-8761-exec-8" daemon [_thread_blocked, id=27284, stack(0x00007f7865293000,0x00007f7865394000)]
  0x00007f78f95a2000 JavaThread "http-nio-8761-exec-9" daemon [_thread_blocked, id=27285, stack(0x00007f7865192000,0x00007f7865293000)]
  0x00007f78f95a4000 JavaThread "http-nio-8761-exec-10" daemon [_thread_blocked, id=27286, stack(0x00007f7865091000,0x00007f7865192000)]
  0x00007f78f95a9000 JavaThread "http-nio-8761-ClientPoller-0" daemon [_thread_blocked, id=27287, stack(0x00007f7864f90000,0x00007f7865091000)]
  0x00007f78f95ae000 JavaThread "http-nio-8761-ClientPoller-1" daemon [_thread_blocked, id=27288, stack(0x00007f7864e8f000,0x00007f7864f90000)]
  0x00007f78f95b1800 JavaThread "http-nio-8761-Acceptor-0" daemon [_thread_in_native, id=27289, stack(0x00007f7864d8e000,0x00007f7864e8f000)]
  0x00007f78f8015800 JavaThread "DestroyJavaVM" [_thread_blocked, id=27212, stack(0x00007f79015dc000,0x00007f79016dd000)]

Other Threads:
=>0x00007f78f80c8800 VMThread "VM Thread" [stack: 0x00007f78dcd4f000,0x00007f78dce4f000] [id=27218]
  0x00007f78f86cb800 WatcherThread [stack: 0x00007f78b6dc1000,0x00007f78b6ec1000] [id=27230]
  0x00007f78f8052000 GCTaskThread "GC Thread#0" [stack: 0x00007f78fc271000,0x00007f78fc371000] [id=27213]
  0x00007f78c0001000 GCTaskThread "GC Thread#1" [stack: 0x00007f78b6cbf000,0x00007f78b6dbf000] [id=27231]
  0x00007f78c0003800 GCTaskThread "GC Thread#2" [stack: 0x00007f78b69ba000,0x00007f78b6aba000] [id=27234]
  0x00007f78c0005000 GCTaskThread "GC Thread#3" [stack: 0x00007f78b68b8000,0x00007f78b69b8000] [id=27235]
  0x00007f78f8059800 ConcurrentGCThread "G1 Main Marker" [stack: 0x00007f78fc16f000,0x00007f78fc26f000] [id=27214]
  0x00007f78f805b800 ConcurrentGCThread "G1 Conc#0" [stack: 0x00007f78fc06d000,0x00007f78fc16d000] [id=27215]
  0x00007f78f809d000 ConcurrentGCThread "G1 Refine#0" [stack: 0x00007f78dd7d4000,0x00007f78dd8d4000] [id=27216]
  0x00007f78c8001000 ConcurrentGCThread "G1 Refine#1" [stack: 0x00007f78b6bbd000,0x00007f78b6cbd000] [id=27232]
  0x00007f78f809e800 ConcurrentGCThread "G1 Young RemSet Sampling" [stack: 0x00007f78dd6d2000,0x00007f78dd7d2000] [id=27217]

Threads with active compile tasks:

VM state:at safepoint (normal execution)

VM Mutex/Monitor currently owned by a thread:  ([mutex/lock_event])
[0x00007f78f8011670] Threads_lock - owner thread: 0x00007f78f80c8800
[0x00007f78f8011e50] Heap_lock - owner thread: 0x00007f78f9532800

Heap address: 0x00000000c5800000, size: 936 MB, Compressed Oops mode: 32-bit
Narrow klass base: 0x0000000800000000, Narrow klass shift: 3
Compressed class space size: 1073741824 Address: 0x0000000801129000

Heap:
 garbage-first heap   total 142336K, used 33685K [0x00000000c5800000, 0x0000000100000000)
  region size 1024K, 1 young (1024K), 1 survivors (1024K)
 Metaspace       used 49561K, capacity 50967K, committed 51276K, reserved 1093632K
  class space    used 6655K, capacity 7192K, committed 7244K, reserved 1048576K
Heap Regions: E=young(eden), S=young(survivor), O=old, HS=humongous(starts), HC=humongous(continues), CS=collection set, F=free, A=archive, TAMS=top-at-mark-start (previous, next)
|   0|0x00000000c5800000, 0x00000000c5900000, 0x00000000c5900000|100%| O|  |TAMS 0x00000000c5900000, 0x00000000c5800000| Untracked 
|   1|0x00000000c5900000, 0x00000000c5a00000, 0x00000000c5a00000|100%| O|  |TAMS 0x00000000c5a00000, 0x00000000c5900000| Untracked 
|   2|0x00000000c5a00000, 0x00000000c5b00000, 0x00000000c5b00000|100%| O|  |TAMS 0x00000000c5b00000, 0x00000000c5a00000| Untracked 
|   3|0x00000000c5b00000, 0x00000000c5c00000, 0x00000000c5c00000|100%| O|  |TAMS 0x00000000c5c00000, 0x00000000c5b00000| Untracked 
|   4|0x00000000c5c00000, 0x00000000c5d00000, 0x00000000c5d00000|100%| O|  |TAMS 0x00000000c5d00000, 0x00000000c5c00000| Untracked 
|   5|0x00000000c5d00000, 0x00000000c5e00000, 0x00000000c5e00000|100%| O|  |TAMS 0x00000000c5e00000, 0x00000000c5d00000| Untracked 
|   6|0x00000000c5e00000, 0x00000000c5f00000, 0x00000000c5f00000|100%| O|  |TAMS 0x00000000c5f00000, 0x00000000c5e00000| Untracked 
|   7|0x00000000c5f00000, 0x00000000c6000000, 0x00000000c6000000|100%| O|  |TAMS 0x00000000c6000000, 0x00000000c5f00000| Untracked 
|   8|0x00000000c6000000, 0x00000000c60b6400, 0x00000000c6100000| 71%| O|  |TAMS 0x00000000c60b6400, 0x00000000c6000000| Untracked 
|   9|0x00000000c6100000, 0x00000000c6200000, 0x00000000c6200000|100%| O|  |TAMS 0x00000000c6200000, 0x00000000c6100000| Untracked 
|  10|0x00000000c6200000, 0x00000000c6300000, 0x00000000c6300000|100%| O|  |TAMS 0x00000000c6300000, 0x00000000c6200000| Untracked 
|  11|0x00000000c6300000, 0x00000000c6400000, 0x00000000c6400000|100%| O|  |TAMS 0x00000000c6400000, 0x00000000c6300000| Untracked 
|  12|0x00000000c6400000, 0x00000000c6500000, 0x00000000c6500000|100%| O|  |TAMS 0x00000000c6500000, 0x00000000c6400000| Untracked 
|  13|0x00000000c6500000, 0x00000000c6600000, 0x00000000c6600000|100%| O|  |TAMS 0x00000000c6600000, 0x00000000c6500000| Untracked 
|  14|0x00000000c6600000, 0x00000000c6700000, 0x00000000c6700000|100%| O|  |TAMS 0x00000000c6700000, 0x00000000c6600000| Untracked 
|  15|0x00000000c6700000, 0x00000000c6800000, 0x00000000c6800000|100%| O|  |TAMS 0x00000000c6800000, 0x00000000c6700000| Untracked 
|  16|0x00000000c6800000, 0x00000000c6900000, 0x00000000c6900000|100%| O|  |TAMS 0x00000000c689ca00, 0x00000000c6800000| Untracked 
|  17|0x00000000c6900000, 0x00000000c6a00000, 0x00000000c6a00000|100%| O|  |TAMS 0x00000000c6a00000, 0x00000000c6900000| Untracked 
|  18|0x00000000c6a00000, 0x00000000c6b00000, 0x00000000c6b00000|100%| O|  |TAMS 0x00000000c6b00000, 0x00000000c6a00000| Untracked 
|  19|0x00000000c6b00000, 0x00000000c6c00000, 0x00000000c6c00000|100%| O|  |TAMS 0x00000000c6c00000, 0x00000000c6b00000| Untracked 
|  20|0x00000000c6c00000, 0x00000000c6d00000, 0x00000000c6d00000|100%| O|  |TAMS 0x00000000c6c00000, 0x00000000c6c00000| Untracked 
|  21|0x00000000c6d00000, 0x00000000c6e00000, 0x00000000c6e00000|100%| O|  |TAMS 0x00000000c6d00000, 0x00000000c6d00000| Untracked 
|  22|0x00000000c6e00000, 0x00000000c6f00000, 0x00000000c6f00000|100%| O|  |TAMS 0x00000000c6e00000, 0x00000000c6e00000| Untracked 
|  23|0x00000000c6f00000, 0x00000000c7000000, 0x00000000c7000000|100%| O|  |TAMS 0x00000000c6f00000, 0x00000000c6f00000| Untracked 
|  24|0x00000000c7000000, 0x00000000c7100000, 0x00000000c7100000|100%| O|  |TAMS 0x00000000c7000000, 0x00000000c7000000| Untracked 
|  25|0x00000000c7100000, 0x00000000c7200000, 0x00000000c7200000|100%| O|  |TAMS 0x00000000c7100000, 0x00000000c7100000| Untracked 
|  26|0x00000000c7200000, 0x00000000c7300000, 0x00000000c7300000|100%| O|  |TAMS 0x00000000c7200000, 0x00000000c7200000| Untracked 
|  27|0x00000000c7300000, 0x00000000c7400000, 0x00000000c7400000|100%| O|  |TAMS 0x00000000c7300000, 0x00000000c7300000| Untracked 
|  28|0x00000000c7400000, 0x00000000c7500000, 0x00000000c7500000|100%| O|  |TAMS 0x00000000c7400000, 0x00000000c7400000| Untracked 
|  29|0x00000000c7500000, 0x00000000c7600000, 0x00000000c7600000|100%| O|  |TAMS 0x00000000c7500000, 0x00000000c7500000| Untracked 
|  30|0x00000000c7600000, 0x00000000c7700000, 0x00000000c7700000|100%| O|  |TAMS 0x00000000c7600000, 0x00000000c7600000| Untracked 
|  31|0x00000000c7700000, 0x00000000c7800000, 0x00000000c7800000|100%| O|  |TAMS 0x00000000c7700000, 0x00000000c7700000| Untracked 
|  32|0x00000000c7800000, 0x00000000c7819800, 0x00000000c7900000|  9%| O|  |TAMS 0x00000000c7800000, 0x00000000c7800000| Untracked 
|  33|0x00000000c7900000, 0x00000000c7900000, 0x00000000c7a00000|  0%| F|  |TAMS 0x00000000c7900000, 0x00000000c7900000| Untracked 
|  34|0x00000000c7a00000, 0x00000000c7a00000, 0x00000000c7b00000|  0%| F|  |TAMS 0x00000000c7a00000, 0x00000000c7a00000| Untracked 
|  35|0x00000000c7b00000, 0x00000000c7b00000, 0x00000000c7c00000|  0%| F|  |TAMS 0x00000000c7b00000, 0x00000000c7b00000| Untracked 
|  36|0x00000000c7c00000, 0x00000000c7c00000, 0x00000000c7d00000|  0%| F|  |TAMS 0x00000000c7c00000, 0x00000000c7c00000| Untracked 
|  37|0x00000000c7d00000, 0x00000000c7d00000, 0x00000000c7e00000|  0%| F|  |TAMS 0x00000000c7d00000, 0x00000000c7d00000| Untracked 
|  38|0x00000000c7e00000, 0x00000000c7e00000, 0x00000000c7f00000|  0%| F|  |TAMS 0x00000000c7e00000, 0x00000000c7e00000| Untracked 
|  39|0x00000000c7f00000, 0x00000000c7f00000, 0x00000000c8000000|  0%| F|  |TAMS 0x00000000c7f00000, 0x00000000c7f00000| Untracked 
|  40|0x00000000c8000000, 0x00000000c8000000, 0x00000000c8100000|  0%| F|  |TAMS 0x00000000c8000000, 0x00000000c8000000| Untracked 
|  41|0x00000000c8100000, 0x00000000c8100000, 0x00000000c8200000|  0%| F|  |TAMS 0x00000000c8100000, 0x00000000c8100000| Untracked 
|  42|0x00000000c8200000, 0x00000000c8200000, 0x00000000c8300000|  0%| F|  |TAMS 0x00000000c8200000, 0x00000000c8200000| Untracked 
|  43|0x00000000c8300000, 0x00000000c8300000, 0x00000000c8400000|  0%| F|  |TAMS 0x00000000c8300000, 0x00000000c8300000| Untracked 
|  44|0x00000000c8400000, 0x00000000c8400000, 0x00000000c8500000|  0%| F|  |TAMS 0x00000000c8400000, 0x00000000c8400000| Untracked 
|  45|0x00000000c8500000, 0x00000000c8500000, 0x00000000c8600000|  0%| F|  |TAMS 0x00000000c8500000, 0x00000000c8500000| Untracked 
|  46|0x00000000c8600000, 0x00000000c8600000, 0x00000000c8700000|  0%| F|  |TAMS 0x00000000c8600000, 0x00000000c8600000| Untracked 
|  47|0x00000000c8700000, 0x00000000c8700000, 0x00000000c8800000|  0%| F|  |TAMS 0x00000000c8700000, 0x00000000c8700000| Untracked 
|  48|0x00000000c8800000, 0x00000000c8800000, 0x00000000c8900000|  0%| F|  |TAMS 0x00000000c8800000, 0x00000000c8800000| Untracked 
|  49|0x00000000c8900000, 0x00000000c8900000, 0x00000000c8a00000|  0%| F|  |TAMS 0x00000000c8900000, 0x00000000c8900000| Untracked 
|  50|0x00000000c8a00000, 0x00000000c8a00000, 0x00000000c8b00000|  0%| F|  |TAMS 0x00000000c8a00000, 0x00000000c8a00000| Untracked 
|  51|0x00000000c8b00000, 0x00000000c8b00000, 0x00000000c8c00000|  0%| F|  |TAMS 0x00000000c8b00000, 0x00000000c8b00000| Untracked 
|  52|0x00000000c8c00000, 0x00000000c8c00000, 0x00000000c8d00000|  0%| F|  |TAMS 0x00000000c8c00000, 0x00000000c8c00000| Untracked 
|  53|0x00000000c8d00000, 0x00000000c8d00000, 0x00000000c8e00000|  0%| F|  |TAMS 0x00000000c8d00000, 0x00000000c8d00000| Untracked 
|  54|0x00000000c8e00000, 0x00000000c8e00000, 0x00000000c8f00000|  0%| F|  |TAMS 0x00000000c8e00000, 0x00000000c8e00000| Untracked 
|  55|0x00000000c8f00000, 0x00000000c8f00000, 0x00000000c9000000|  0%| F|  |TAMS 0x00000000c8f00000, 0x00000000c8f00000| Untracked 
|  56|0x00000000c9000000, 0x00000000c9000000, 0x00000000c9100000|  0%| F|  |TAMS 0x00000000c9000000, 0x00000000c9000000| Untracked 
|  57|0x00000000c9100000, 0x00000000c9100000, 0x00000000c9200000|  0%| F|  |TAMS 0x00000000c9100000, 0x00000000c9100000| Untracked 
|  58|0x00000000c9200000, 0x00000000c9200000, 0x00000000c9300000|  0%| F|  |TAMS 0x00000000c9200000, 0x00000000c9200000| Untracked 
|  59|0x00000000c9300000, 0x00000000c9300000, 0x00000000c9400000|  0%| F|  |TAMS 0x00000000c9300000, 0x00000000c9300000| Untracked 
|  60|0x00000000c9400000, 0x00000000c9400000, 0x00000000c9500000|  0%| F|  |TAMS 0x00000000c9400000, 0x00000000c9400000| Untracked 
|  61|0x00000000c9500000, 0x00000000c9500000, 0x00000000c9600000|  0%| F|  |TAMS 0x00000000c9500000, 0x00000000c9500000| Untracked 
|  62|0x00000000c9600000, 0x00000000c9600000, 0x00000000c9700000|  0%| F|  |TAMS 0x00000000c9600000, 0x00000000c9600000| Untracked 
|  63|0x00000000c9700000, 0x00000000c9700000, 0x00000000c9800000|  0%| F|  |TAMS 0x00000000c9700000, 0x00000000c9700000| Untracked 
|  64|0x00000000c9800000, 0x00000000c9800000, 0x00000000c9900000|  0%| F|  |TAMS 0x00000000c9800000, 0x00000000c9800000| Untracked 
|  65|0x00000000c9900000, 0x00000000c9900000, 0x00000000c9a00000|  0%| F|  |TAMS 0x00000000c9900000, 0x00000000c9900000| Untracked 
|  66|0x00000000c9a00000, 0x00000000c9a00000, 0x00000000c9b00000|  0%| F|  |TAMS 0x00000000c9a00000, 0x00000000c9a00000| Untracked 
|  67|0x00000000c9b00000, 0x00000000c9b00000, 0x00000000c9c00000|  0%| F|  |TAMS 0x00000000c9b00000, 0x00000000c9b00000| Untracked 
|  68|0x00000000c9c00000, 0x00000000c9c00000, 0x00000000c9d00000|  0%| F|  |TAMS 0x00000000c9c00000, 0x00000000c9c00000| Untracked 
|  69|0x00000000c9d00000, 0x00000000c9d00000, 0x00000000c9e00000|  0%| F|  |TAMS 0x00000000c9d00000, 0x00000000c9d00000| Untracked 
|  70|0x00000000c9e00000, 0x00000000c9e00000, 0x00000000c9f00000|  0%| F|  |TAMS 0x00000000c9e00000, 0x00000000c9e00000| Untracked 
|  71|0x00000000c9f00000, 0x00000000c9f00000, 0x00000000ca000000|  0%| F|  |TAMS 0x00000000c9f00000, 0x00000000c9f00000| Untracked 
|  72|0x00000000ca000000, 0x00000000ca000000, 0x00000000ca100000|  0%| F|  |TAMS 0x00000000ca000000, 0x00000000ca000000| Untracked 
|  73|0x00000000ca100000, 0x00000000ca100000, 0x00000000ca200000|  0%| F|  |TAMS 0x00000000ca100000, 0x00000000ca100000| Untracked 
|  74|0x00000000ca200000, 0x00000000ca200000, 0x00000000ca300000|  0%| F|  |TAMS 0x00000000ca200000, 0x00000000ca200000| Untracked 
|  75|0x00000000ca300000, 0x00000000ca300000, 0x00000000ca400000|  0%| F|  |TAMS 0x00000000ca300000, 0x00000000ca300000| Untracked 
|  76|0x00000000ca400000, 0x00000000ca400000, 0x00000000ca500000|  0%| F|  |TAMS 0x00000000ca400000, 0x00000000ca400000| Untracked 
|  77|0x00000000ca500000, 0x00000000ca500000, 0x00000000ca600000|  0%| F|  |TAMS 0x00000000ca500000, 0x00000000ca500000| Untracked 
|  78|0x00000000ca600000, 0x00000000ca600000, 0x00000000ca700000|  0%| F|  |TAMS 0x00000000ca600000, 0x00000000ca600000| Untracked 
|  79|0x00000000ca700000, 0x00000000ca700000, 0x00000000ca800000|  0%| F|  |TAMS 0x00000000ca700000, 0x00000000ca700000| Untracked 
|  80|0x00000000ca800000, 0x00000000ca85c8a0, 0x00000000ca900000| 36%| S|CS|TAMS 0x00000000ca800000, 0x00000000ca800000| Complete 
|  81|0x00000000ca900000, 0x00000000ca900000, 0x00000000caa00000|  0%| F|  |TAMS 0x00000000ca900000, 0x00000000ca900000| Untracked 
|  82|0x00000000caa00000, 0x00000000caa00000, 0x00000000cab00000|  0%| F|  |TAMS 0x00000000caa00000, 0x00000000caa00000| Untracked 
|  83|0x00000000cab00000, 0x00000000cab00000, 0x00000000cac00000|  0%| F|  |TAMS 0x00000000cab00000, 0x00000000cab00000| Untracked 
|  84|0x00000000cac00000, 0x00000000cac00000, 0x00000000cad00000|  0%| F|  |TAMS 0x00000000cac00000, 0x00000000cac00000| Untracked 
| 934|0x00000000ffe00000, 0x00000000ffe47000, 0x00000000fff00000| 27%|OA|  |TAMS 0x00000000ffe47000, 0x00000000ffe00000| Untracked 
| 935|0x00000000fff00000, 0x00000000fff72000, 0x0000000100000000| 44%|CA|  |TAMS 0x00000000fff72000, 0x00000000fff00000| Untracked 

Card table byte_map: [0x00007f78fd3e5000,0x00007f78fd5b9000] _byte_map_base: 0x00007f78fcdb9000

Marking Bits (Prev, Next): (CMBitMap*) 0x00007f78f8053138, (CMBitMap*) 0x00007f78f8053178
 Prev Bits: [0x00007f78fc371000, 0x00007f78fd211000)
 Next Bits: [0x00007f78dfcd8000, 0x00007f78e0b78000)

Polling page: 0x00007f79016f1000

Metaspace:

Usage:
  Non-class:     42.75 MB capacity, 