#
# There is insufficient memory for the Java Runtime Environment to continue.
# Native memory allocation (mmap) failed to map 115343360 bytes for committing reserved memory.
# Possible reasons:
#   The system is out of physical RAM or swap space
#   The process is running with CompressedOops enabled, and the Java Heap may be blocking the growth of the native heap
# Possible solutions:
#   Reduce memory load on the system
#   Increase physical memory or swap space
#   Check if swap backing store is full
#   Decrease Java heap size (-Xmx/-Xms)
#   Decrease number of Java threads
#   Decrease Java thread stack sizes (-Xss)
#   Set larger code cache with -XX:ReservedCodeCacheSize=
#   JVM is running with Unscaled Compressed Oops mode in which the Java heap is
#     placed in the first 4GB address space. The Java Heap base address is the
#     maximum limit for the native heap growth. Please use -XX:HeapBaseMinAddress
#     to set the Java Heap base and to place the Java Heap above 4GB virtual address.
# This output file may be truncated or incomplete.
#
#  Out of Memory Error (os_linux.cpp:2659), pid=9054, tid=9066
#
# JRE version: Java(TM) SE Runtime Environment (12.0.1+12) (build 12.0.1+12)
# Java VM: Java HotSpot(TM) 64-Bit Server VM (12.0.1+12, mixed mode, sharing, tiered, compressed oops, g1 gc, linux-amd64)
# Core dump will be written. Default location: Core dumps may be processed with "/usr/share/apport/apport %p %s %c %d %P" (or dumping to /home/tcs/Downloads/shivangi/eclipse-jee-photon-R-linux-gtk-x86_64(1)/eclipse/t/discovery-server/core.9054)
#

---------------  S U M M A R Y ------------

Command Line: -Dcom.sun.management.jmxremote -Dcom.sun.management.jmxremote.port=39543 -Dcom.sun.management.jmxremote.authenticate=false -Dcom.sun.management.jmxremote.ssl=false -Djava.rmi.server.hostname=localhost -Dspring.liveBeansView.mbeanDomain -Dspring.application.admin.enabled=true -Djava.security.egd=file:/dev/./urandom -Xverify:none -XX:TieredStopAtLevel=1 -Dfile.encoding=UTF-8 com.example.demo.DiscoveryServerApplication

Host: Intel(R) Core(TM) i5-4570T CPU @ 2.90GHz, 4 cores, 3G, Ubuntu 18.04.2 LTS
Time: Wed Jun  5 03:54:10 2019 IST elapsed time: 42035 seconds (0d 11h 40m 35s)

---------------  T H R E A D  ---------------

Current thread (0x00007f62e40c8800):  VMThread "VM Thread" [stack: 0x00007f62cc3ef000,0x00007f62cc4ef000] [id=9066]

Stack: [0x00007f62cc3ef000,0x00007f62cc4ef000],  sp=0x00007f62cc4ecf30,  free space=1015k
Native frames: (J=compiled Java code, A=aot compiled Java code, j=interpreted, Vv=VM code, C=native code)
V  [libjvm.so+0xe43ca0]  VMError::report_and_die(int, char const*, char const*, __va_list_tag*, Thread*, unsigned char*, void*, void*, char const*, int, unsigned long)+0x310
V  [libjvm.so+0xe4486b]  VMError::report_and_die(Thread*, char const*, int, unsigned long, VMErrorType, char const*, __va_list_tag*)+0x2b
V  [libjvm.so+0x65df95]  report_vm_out_of_memory(char const*, int, unsigned long, VMErrorType, char const*, ...)+0xd5
V  [libjvm.so+0xbf8c18]  os::pd_commit_memory_or_exit(char*, unsigned long, unsigned long, bool, char const*)+0x108
V  [libjvm.so+0xbf03fd]  os::commit_memory_or_exit(char*, unsigned long, unsigned long, bool, char const*)+0x1d
V  [libjvm.so+0x78820c]  G1PageBasedVirtualSpace::commit_preferred_pages(unsigned long, unsigned long)+0x6c
V  [libjvm.so+0x7885a4]  G1PageBasedVirtualSpace::commit(unsigned long, unsigned long)+0x154
V  [libjvm.so+0x796370]  G1RegionsLargerThanCommitSizeMapper::commit_regions(unsigned int, unsigned long, WorkGang*)+0x40
V  [libjvm.so+0x8174c0]  HeapRegionManager::commit_regions(unsigned int, unsigned long, WorkGang*)+0x80
V  [libjvm.so+0x81822f]  HeapRegionManager::make_regions_available(unsigned int, unsigned int, WorkGang*)+0x3f
V  [libjvm.so+0x8187b9]  HeapRegionManager::expand_at(unsigned int, unsigned int, WorkGang*)+0x119
V  [libjvm.so+0x73cc00]  G1CollectedHeap::expand(unsigned long, WorkGang*, double*)+0xe0
V  [libjvm.so+0x7415d2]  G1CollectedHeap::do_collection_pause_at_safepoint(double)+0xa22
V  [libjvm.so+0x7a9c51]  VM_G1CollectForAllocation::doit()+0x81
V  [libjvm.so+0xe46287]  VM_Operation::evaluate()+0xe7
V  [libjvm.so+0xe4c12f]  VMThread::evaluate_operation(VM_Operation*) [clone .constprop.63]+0xff
V  [libjvm.so+0xe4c671]  VMThread::loop()+0x3f1
V  [libjvm.so+0xe4caa3]  VMThread::run()+0x73
V  [libjvm.so+0xdd21bf]  Thread::call_run()+0x16f
V  [libjvm.so+0xbfe94e]  thread_native_entry(Thread*)+0xee

VM_Operation (0x00007f6294277e20): G1CollectForAllocation, mode: safepoint, requested by thread 0x00007f62e4fbb000


---------------  P R O C E S S  ---------------

Threads class SMR info:
_java_thread_list=0x00007f62b8018e40, length=61, elements={
0x00007f62e40cb800, 0x00007f62e40cd800, 0x00007f62e40d3000, 0x00007f62e40d5000,
0x00007f62e40d7000, 0x00007f62e40fd800, 0x00007f62e412e000, 0x00007f62e46b4800,
0x00007f62e46bd000, 0x00007f62e46d1000, 0x00007f62e55b4000, 0x00007f62e56d5800,
0x00007f626c002800, 0x00007f62e56d8800, 0x00007f62e526f000, 0x00007f62e5270800,
0x00007f62e5272800, 0x00007f62e5274800, 0x00007f62e5276800, 0x00007f62e4fa0000,
0x00007f62e4fad000, 0x00007f62e4fb6800, 0x00007f62e4fbb000, 0x00007f62e4fbd000,
0x00007f62e4fbf000, 0x00007f62e4fc1000, 0x00007f62e4fc3000, 0x00007f62e4fc5000,
0x00007f62e4fc7000, 0x00007f62e4fc9000, 0x00007f62e4fcb000, 0x00007f62e4fcd000,
0x00007f62e4fcf000, 0x00007f62e4fd1000, 0x00007f62e4fd3000, 0x00007f62e4fd5000,
0x00007f62e4fd7000, 0x00007f62e4fd9000, 0x00007f62e4fdb000, 0x00007f62e4fdd000,
0x00007f62e4fdf000, 0x00007f62e4fe1800, 0x00007f62e4fe4000, 0x00007f62e4fe6000,
0x00007f62e4fe8800, 0x00007f62e4fea000, 0x00007f62e5009800, 0x00007f62e500b800,
0x00007f62e500d000, 0x00007f62e500f000, 0x00007f62e5011800, 0x00007f62e5013800,
0x00007f62e5016000, 0x00007f62e5017800, 0x00007f62e5019800, 0x00007f62e501b800,
0x00007f62e501d800, 0x00007f62e5022800, 0x00007f62e5028000, 0x00007f62e502b000,
0x00007f62e4015800
}

Java Threads: ( => current thread )
  0x00007f62e40cb800 JavaThread "Reference Handler" daemon [_thread_blocked, id=9067, stack(0x00007f62cc2ec000,0x00007f62cc3ed000)]
  0x00007f62e40cd800 JavaThread "Finalizer" daemon [_thread_blocked, id=9068, stack(0x00007f62cc1eb000,0x00007f62cc2ec000)]
  0x00007f62e40d3000 JavaThread "Signal Dispatcher" daemon [_thread_blocked, id=9069, stack(0x00007f62cc0ea000,0x00007f62cc1eb000)]
  0x00007f62e40d5000 JavaThread "C1 CompilerThread0" daemon [_thread_blocked, id=9070, stack(0x00007f62bcd30000,0x00007f62bce31000)]
  0x00007f62e40d7000 JavaThread "Sweeper thread" daemon [_thread_blocked, id=9071, stack(0x00007f62bcc2f000,0x00007f62bcd30000)]
  0x00007f62e40fd800 JavaThread "Common-Cleaner" daemon [_thread_blocked, id=9072, stack(0x00007f62bcb2e000,0x00007f62bcc2f000)]
  0x00007f62e412e000 JavaThread "Service Thread" daemon [_thread_blocked, id=9073, stack(0x00007f62bca2d000,0x00007f62bcb2e000)]
  0x00007f62e46b4800 JavaThread "RMI TCP Accept-0" daemon [_thread_in_native, id=9074, stack(0x00007f62bc0f7000,0x00007f62bc1f8000)]
  0x00007f62e46bd000 JavaThread "RMI TCP Accept-39543" daemon [_thread_in_native, id=9075, stack(0x00007f6297cfc000,0x00007f6297dfd000)]
  0x00007f62e46d1000 JavaThread "RMI TCP Accept-0" daemon [_thread_in_native, id=9076, stack(0x00007f6297bfb000,0x00007f6297cfc000)]
  0x00007f62e55b4000 JavaThread "spring.cloud.inetutils" daemon [_thread_blocked, id=9086, stack(0x00007f62977f4000,0x00007f62978f5000)]
  0x00007f62e56d5800 JavaThread "Catalina-utility-1" [_thread_blocked, id=9087, stack(0x00007f62976f3000,0x00007f62977f4000)]
  0x00007f626c002800 JavaThread "Catalina-utility-2" [_thread_blocked, id=9088, stack(0x00007f62955c9000,0x00007f62956ca000)]
  0x00007f62e56d8800 JavaThread "container-0" [_thread_blocked, id=9089, stack(0x00007f62954c8000,0x00007f62955c9000)]
  0x00007f62e526f000 JavaThread "Eureka-DeltaRetentionTimer" daemon [_thread_blocked, id=9090, stack(0x00007f6294fc7000,0x00007f62950c8000)]
  0x00007f62e5270800 JavaThread "Eureka-EvictionTimer" daemon [_thread_blocked, id=9091, stack(0x00007f6294ec6000,0x00007f6294fc7000)]
  0x00007f62e5272800 JavaThread "Eureka-MeasureRateTimer" daemon [_thread_blocked, id=9092, stack(0x00007f6294dc5000,0x00007f6294ec6000)]
  0x00007f62e5274800 JavaThread "ReplicaAwareInstanceRegistry - RenewalThresholdUpdater" daemon [_thread_blocked, id=9093, stack(0x00007f6294cc4000,0x00007f6294dc5000)]
  0x00007f62e5276800 JavaThread "Eureka-MeasureRateTimer" daemon [_thread_blocked, id=9094, stack(0x00007f6294bc3000,0x00007f6294cc4000)]
  0x00007f62e4fa0000 JavaThread "Eureka-JerseyClient-Conn-Cleaner2" daemon [_thread_blocked, id=9095, stack(0x00007f629467c000,0x00007f629477d000)]
  0x00007f62e4fad000 JavaThread "TaskAcceptor-target_localhost" daemon [_thread_blocked, id=9096, stack(0x00007f629457b000,0x00007f629467c000)]
  0x00007f62e4fb6800 JavaThread "StatsMonitor-0" daemon [_thread_blocked, id=9097, stack(0x00007f629427a000,0x00007f629437b000)]
  0x00007f62e4fbb000 JavaThread "TaskBatchingWorker-target_localhost-0" daemon [_thread_blocked, id=9098, stack(0x00007f6294179000,0x00007f629427a000)]
  0x00007f62e4fbd000 JavaThread "TaskBatchingWorker-target_localhost-1" daemon [_thread_blocked, id=9099, stack(0x00007f6294078000,0x00007f6294179000)]
  0x00007f62e4fbf000 JavaThread "TaskBatchingWorker-target_localhost-2" daemon [_thread_blocked, id=9100, stack(0x00007f624beff000,0x00007f624c000000)]
  0x00007f62e4fc1000 JavaThread "TaskBatchingWorker-target_localhost-3" daemon [_thread_blocked, id=9101, stack(0x00007f624bdfe000,0x00007f624beff000)]
  0x00007f62e4fc3000 JavaThread "TaskBatchingWorker-target_localhost-4" daemon [_thread_blocked, id=9102, stack(0x00007f624bcfd000,0x00007f624bdfe000)]
  0x00007f62e4fc5000 JavaThread "TaskBatchingWorker-target_localhost-5" daemon [_thread_blocked, id=9103, stack(0x00007f624bbfc000,0x00007f624bcfd000)]
  0x00007f62e4fc7000 JavaThread "TaskBatchingWorker-target_localhost-6" daemon [_thread_blocked, id=9104, stack(0x00007f624bafb000,0x00007f624bbfc000)]
  0x00007f62e4fc9000 JavaThread "TaskBatchingWorker-target_localhost-7" daemon [_thread_blocked, id=9105, stack(0x00007f624b9fa000,0x00007f624bafb000)]
  0x00007f62e4fcb000 JavaThread "TaskBatchingWorker-target_localhost-8" daemon [_thread_blocked, id=9106, stack(0x00007f624b8f9000,0x00007f624b9fa000)]
  0x00007f62e4fcd000 JavaThread "TaskBatchingWorker-target_localhost-9" daemon [_thread_blocked, id=9107, stack(0x00007f624b7f8000,0x00007f624b8f9000)]
  0x00007f62e4fcf000 JavaThread "TaskBatchingWorker-target_localhost-10" daemon [_thread_blocked, id=9108, stack(0x00007f624b6f7000,0x00007f624b7f8000)]
  0x00007f62e4fd1000 JavaThread "TaskBatchingWorker-target_localhost-11" daemon [_thread_blocked, id=9109, stack(0x00007f624b5f6000,0x00007f624b6f7000)]
  0x00007f62e4fd3000 JavaThread "TaskBatchingWorker-target_localhost-12" daemon [_thread_blocked, id=9110, stack(0x00007f624b4f5000,0x00007f624b5f6000)]
  0x00007f62e4fd5000 JavaThread "TaskBatchingWorker-target_localhost-13" daemon [_thread_blocked, id=9111, stack(0x00007f624b3f4000,0x00007f624b4f5000)]
  0x00007f62e4fd7000 JavaThread "TaskBatchingWorker-target_localhost-14" daemon [_thread_blocked, id=9112, stack(0x00007f624b2f3000,0x00007f624b3f4000)]
  0x00007f62e4fd9000 JavaThread "TaskBatchingWorker-target_localhost-15" daemon [_thread_blocked, id=9113, stack(0x00007f624b1f2000,0x00007f624b2f3000)]
  0x00007f62e4fdb000 JavaThread "TaskBatchingWorker-target_localhost-16" daemon [_thread_blocked, id=9114, stack(0x00007f624b0f1000,0x00007f624b1f2000)]
  0x00007f62e4fdd000 JavaThread "TaskBatchingWorker-target_localhost-17" daemon [_thread_blocked, id=9115, stack(0x00007f624aff0000,0x00007f624b0f1000)]
  0x00007f62e4fdf000 JavaThread "TaskBatchingWorker-target_localhost-18" daemon [_thread_blocked, id=9116, stack(0x00007f624aeef000,0x00007f624aff0000)]
  0x00007f62e4fe1800 JavaThread "TaskBatchingWorker-target_localhost-19" daemon [_thread_blocked, id=9117, stack(0x00007f624adee000,0x00007f624aeef000)]
  0x00007f62e4fe4000 JavaThread "TaskAcceptor-localhost" daemon [_thread_blocked, id=9118, stack(0x00007f624aced000,0x00007f624adee000)]
  0x00007f62e4fe6000 JavaThread "TaskNonBatchingWorker-localhost-0" daemon [_thread_blocked, id=9119, stack(0x00007f624abec000,0x00007f624aced000)]
  0x00007f62e4fe8800 JavaThread "Eureka-PeerNodesUpdater" daemon [_thread_blocked, id=9120, stack(0x00007f624aaeb000,0x00007f624abec000)]
  0x00007f62e4fea000 JavaThread "Eureka-CacheFillTimer" daemon [_thread_blocked, id=9121, stack(0x00007f624a9ea000,0x00007f624aaeb000)]
  0x00007f62e5009800 JavaThread "NioBlockingSelector.BlockPoller-1" daemon [_thread_blocked, id=9124, stack(0x00007f624a7e8000,0x00007f624a8e9000)]
  0x00007f62e500b800 JavaThread "http-nio-8761-exec-1" daemon [_thread_blocked, id=9125, stack(0x00007f624a6e7000,0x00007f624a7e8000)]
  0x00007f62e500d000 JavaThread "http-nio-8761-exec-2" daemon [_thread_blocked, id=9126, stack(0x00007f624a5e6000,0x00007f624a6e7000)]
  0x00007f62e500f000 JavaThread "http-nio-8761-exec-3" daemon [_thread_blocked, id=9127, stack(0x00007f624a4e5000,0x00007f624a5e6000)]
  0x00007f62e5011800 JavaThread "http-nio-8761-exec-4" daemon [_thread_blocked, id=9128, stack(0x00007f624a3e4000,0x00007f624a4e5000)]
  0x00007f62e5013800 JavaThread "http-nio-8761-exec-5" daemon [_thread_blocked, id=9129, stack(0x00007f624a2e3000,0x00007f624a3e4000)]
  0x00007f62e5016000 JavaThread "http-nio-8761-exec-6" daemon [_thread_blocked, id=9130, stack(0x00007f624a1e2000,0x00007f624a2e3000)]
  0x00007f62e5017800 JavaThread "http-nio-8761-exec-7" daemon [_thread_blocked, id=9131, stack(0x00007f624a0e1000,0x00007f624a1e2000)]
  0x00007f62e5019800 JavaThread "http-nio-8761-exec-8" daemon [_thread_blocked, id=9132, stack(0x00007f6249fe0000,0x00007f624a0e1000)]
  0x00007f62e501b800 JavaThread "http-nio-8761-exec-9" daemon [_thread_blocked, id=9133, stack(0x00007f6249edf000,0x00007f6249fe0000)]
  0x00007f62e501d800 JavaThread "http-nio-8761-exec-10" daemon [_thread_blocked, id=9134, stack(0x00007f6249dde000,0x00007f6249edf000)]
  0x00007f62e5022800 JavaThread "http-nio-8761-ClientPoller-0" daemon [_thread_blocked, id=9135, stack(0x00007f6249cdd000,0x00007f6249dde000)]
  0x00007f62e5028000 JavaThread "http-nio-8761-ClientPoller-1" daemon [_thread_blocked, id=9136, stack(0x00007f6249bdc000,0x00007f6249cdd000)]
  0x00007f62e502b000 JavaThread "http-nio-8761-Acceptor-0" daemon [_thread_in_native, id=9137, stack(0x00007f6249adb000,0x00007f6249bdc000)]
  0x00007f62e4015800 JavaThread "DestroyJavaVM" [_thread_blocked, id=9060, stack(0x00007f62ee473000,0x00007f62ee574000)]

Other Threads:
=>0x00007f62e40c8800 VMThread "VM Thread" [stack: 0x00007f62cc3ef000,0x00007f62cc4ef000] [id=9066]
  0x00007f62e46d4000 WatcherThread [stack: 0x00007f6297afb000,0x00007f6297bfb000] [id=9077]
  0x00007f62e4052000 GCTaskThread "GC Thread#0" [stack: 0x00007f62e8268000,0x00007f62e8368000] [id=9061]
  0x00007f62b4001000 GCTaskThread "GC Thread#1" [stack: 0x00007f62979f9000,0x00007f6297af9000] [id=9078]
  0x00007f62b4003800 GCTaskThread "GC Thread#2" [stack: 0x00007f6296fce000,0x00007f62970ce000] [id=9082]
  0x00007f62b4005000 GCTaskThread "GC Thread#3" [stack: 0x00007f6296ecc000,0x00007f6296fcc000] [id=9083]
  0x00007f62e4059800 ConcurrentGCThread "G1 Main Marker" [stack: 0x00007f62e8166000,0x00007f62e8266000] [id=9062]
  0x00007f62e405b800 ConcurrentGCThread "G1 Conc#0" [stack: 0x00007f62e8064000,0x00007f62e8164000] [id=9063]
  0x00007f62e409d000 ConcurrentGCThread "G1 Refine#0" [stack: 0x00007f62cc674000,0x00007f62cc774000] [id=9064]
  0x00007f62b8001000 ConcurrentGCThread "G1 Refine#1" [stack: 0x00007f62978f7000,0x00007f62979f7000] [id=9079]
  0x00007f62e409e800 ConcurrentGCThread "G1 Young RemSet Sampling" [stack: 0x00007f62cc572000,0x00007f62cc672000] [id=9065]

Threads with active compile tasks:
C1 CompilerThread0  9706       1      
[error occurred during error reporting (printing all threads), id 0x4, SIGILL (0x4) at pc=0x000003e80000235e]

VM state:at safepoint (normal execution)

VM Mutex/Monitor currently owned by a thread:  ([mutex/lock_event])
[0x00007f62e4011670] Threads_lock - owner thread: 0x00007f62e40c8800
[0x00007f62e4011e50] Heap_lock - owner thread: 0x00007f62e4fbb000

Heap address: 0x00000000c5800000, size: 936 MB, Compressed Oops mode: 32-bit
Narrow klass base: 0x0000000800000000, Narrow klass shift: 3
Compressed class space size: 1073741824 Address: 0x0000000801129000

Heap:
 garbage-first heap   total 225280K, used 29951K [0x00000000c5800000, 0x0000000100000000)
  region size 1024K, 1 young (1024K), 1 survivors (1024K)
 Metaspace       used 49315K, capacity 50622K, committed 51196K, reserved 1093632K
  class space    used 6597K, capacity 7081K, committed 7296K, reserved 1048576K
Heap Regions: E=young(eden), S=young(survivor), O=old, HS=humongous(starts), HC=humongous(continues), CS=collection set, F=free, A=archive, TAMS=top-at-mark-start (previous, next)
|   0|0x00000000c5800000, 0x00000000c5900000, 0x00000000c5900000|100%| O|  |TAMS 0x00000000c5900000, 0x00000000c5800000| Untracked 
|   1|0x00000000c5900000, 0x00000000c5a00000, 0x00000000c5a00000|100%| O|  |TAMS 0x00000000c5a00000, 0x00000000c5900000| Untracked 
|   2|0x00000000c5a00000, 0x00000000c5b00000, 0x00000000c5b00000|100%| O|  |TAMS 0x00000000c5b00000, 0x00000000c5a00000| Untracked 
|   3|0x00000000c5b00000, 0x00000000c5c00000, 0x00000000c5c00000|100%| O|  |TAMS 0x00000000c5c00000, 0x00000000c5b00000| Complete 
|   4|0x00000000c5c00000, 0x00000000c5d00000, 0x00000000c5d00000|100%| O|  |TAMS 0x00000000c5d00000, 0x00000000c5c00000| Complete 
|   5|0x00000000c5d00000, 0x00000000c5e00000, 0x00000000c5e00000|100%| O|  |TAMS 0x00000000c5e00000, 0x00000000c5d00000| Untracked 
|   6|0x00000000c5e00000, 0x00000000c5f00000, 0x00000000c5f00000|100%| O|  |TAMS 0x00000000c5f00000, 0x00000000c5e00000| Untracked 
|   7|0x00000000c5f00000, 0x00000000c6000000, 0x00000000c6000000|100%| O|  |TAMS 0x00000000c6000000, 0x00000000c5f00000| Complete 
|   8|0x00000000c6000000, 0x00000000c6100000, 0x00000000c6100000|100%| O|  |TAMS 0x00000000c6000000, 0x00000000c6000000| Untracked 
|   9|0x00000000c6100000, 0x00000000c6200000, 0x00000000c6200000|100%| O|  |TAMS 0x00000000c6200000, 0x00000000c6100000| Complete 
|  10|0x00000000c6200000, 0x00000000c6300000, 0x00000000c6300000|100%| O|  |TAMS 0x00000000c6300000, 0x00000000c6200000| Complete 
|  11|0x00000000c6300000, 0x00000000c6400000, 0x00000000c6400000|100%| O|  |TAMS 0x00000000c6400000, 0x00000000c6300000| Complete 
|  12|0x00000000c6400000, 0x00000000c6500000, 0x00000000c6500000|100%| O|  |TAMS 0x00000000c6500000, 0x00000000c6400000| Complete 
|  13|0x00000000c6500000, 0x00000000c6500000, 0x00000000c6600000|  0%| F|  |TAMS 0x00000000c6500000, 0x00000000c6500000| Untracked 
|  14|0x00000000c6600000, 0x00000000c662fe00, 0x00000000c6700000| 18%| O|  |TAMS 0x00000000c6600000, 0x00000000c6600000| Untracked 
|  15|0x00000000c6700000, 0x00000000c6800000, 0x00000000c6800000|100%| O|  |TAMS 0x00000000c6800000, 0x00000000c6700000| Complete 
|  16|0x00000000c6800000, 0x00000000c6900000, 0x00000000c6900000|100%| O|  |TAMS 0x00000000c6900000, 0x00000000c6800000| Complete 
|  17|0x00000000c6900000, 0x00000000c6900000, 0x00000000c6a00000|  0%| F|  |TAMS 0x00000000c6900000, 0x00000000c6900000| Untracked 
|  18|0x00000000c6a00000, 0x00000000c6b00000, 0x00000000c6b00000|100%| O|  |TAMS 0x00000000c6b00000, 0x00000000c6a00000| Complete 
|  19|0x00000000c6b00000, 0x00000000c6b00000, 0x00000000c6c00000|  0%| F|  |TAMS 0x00000000c6b00000, 0x00000000c6b00000| Untracked 
|  20|0x00000000c6c00000, 0x00000000c6d00000, 0x00000000c6d00000|100%| O|  |TAMS 0x00000000c6d00000, 0x00000000c6c00000| Complete 
|  21|0x00000000c6d00000, 0x00000000c6e00000, 0x00000000c6e00000|100%| O|  |TAMS 0x00000000c6e00000, 0x00000000c6d00000| Complete 
|  22|0x00000000c6e00000, 0x00000000c6f00000, 0x00000000c6f00000|100%| O|  |TAMS 0x00000000c6f00000, 0x00000000c6e00000| Complete 
|  23|0x00000000c6f00000, 0x00000000c7000000, 0x00000000c7000000|100%| O|  |TAMS 0x00000000c7000000, 0x00000000c6f00000| Complete 
|  24|0x00000000c7000000, 0x00000000c7100000, 0x00000000c7100000|100%| O|  |TAMS 0x00000000c7100000, 0x00000000c7000000| Complete 
|  25|0x00000000c7100000, 0x00000000c7200000, 0x00000000c7200000|100%| O|  |TAMS 0x00000000c7200000, 0x00000000c7100000| Untracked 
|  26|0x00000000c7200000, 0x00000000c7300000, 0x00000000c7300000|100%| O|  |TAMS 0x00000000c7300000, 0x00000000c7200000| Untracked 
|  27|0x00000000c7300000, 0x00000000c7400000, 0x00000000c7400000|100%| O|  |TAMS 0x00000000c7400000, 0x00000000c7300000| Complete 
|  28|0x00000000c7400000, 0x00000000c7400000, 0x00000000c7500000|  0%| F|  |TAMS 0x00000000c7400000, 0x00000000c7400000| Untracked 
|  29|0x00000000c7500000, 0x00000000c7600000, 0x00000000c7600000|100%| O|  |TAMS 0x00000000c7600000, 0x00000000c7500000| Complete 
|  30|0x00000000c7600000, 0x00000000c7700000, 0x00000000c7700000|100%| O|  |TAMS 0x00000000c7700000, 0x00000000c7600000| Complete 
|  31|0x00000000c7700000, 0x00000000c7700000, 0x00000000c7800000|  0%| F|  |TAMS 0x00000000c7700000, 0x00000000c7700000| Untracked 
|  32|0x00000000c7800000, 0x00000000c7800000, 0x00000000c7900000|  0%| F|  |TAMS 0x00000000c7800000, 0x00000000c7800000| Untracked 
|  33|0x00000000c7900000, 0x00000000c7a00000, 0x00000000c7a00000|100%| O|  |TAMS 0x00000000c790c800, 0x00000000c7900000| Untracked 
|  34|0x00000000c7a00000, 0x00000000c7b00000, 0x00000000c7b00000|100%| O|  |TAMS 0x00000000c7a00000, 0x00000000c7a00000| Untracked 
|  35|0x00000000c7b00000, 0x00000000c7b00000, 0x00000000c7c00000|  0%| F|  |TAMS 0x00000000c7b00000, 0x00000000c7b00000| Untracked 
|  36|0x00000000c7c00000, 0x00000000c7c00000, 0x00000000c7d00000|  0%| F|  |TAMS 0x00000000c7c00000, 0x00000000c7c00000| Untracked 
|  37|0x00000000c7d00000, 0x00000000c7d00000, 0x00000000c7e00000|  0%| F|  |TAMS 0x00000000c7d00000, 0x00000000c7d00000| Untracked 
|  38|0x00000000c7e00000, 0x00000000c7e00000, 0x00000000c7f00000|  0%| F|  |TAMS 0x00000000c7e00000, 0x00000000c7e00000| Untracked 
|  39|0x00000000c7f00000, 0x00000000c7f00000, 0x00000000c8000000|  0%| F|  |TAMS 0x00000000c7f00000, 0x00000000c7f00000| Untracked 
|  40|0x00000000c8000000, 0x00000000c8000000, 0x00000000c8100000|  0%| F|  |TAMS 0x00000000c8000000, 0x00000000c8000000| Untracked 
|  41|0x00000000c8100000, 0x00000000c8100000, 0x00000000c8200000|  0%| F|  |TAMS 0x00000000c8100000, 0x00000000c8100000| Untracked 
|  42|0x00000000c8200000, 0x00000000c8200000, 0x00000000c8300000|  0%| F|  |TAMS 0x00000000c8200000, 0x00000000c8200000| Untracked 
|  43|0x00000000c8300000, 0x00000000c8300000, 0x00000000c8400000|  0%| F|  |TAMS 0x00000000c8300000, 0x00000000c8300000| Untracked 
|  44|0x00000000c8400000, 0x00000000c8400000, 0x00000000c8500000|  0%| F|  |TAMS 0x00000000c8400000, 0x00000000c8400000| Untracked 
|  45|0x00000000c8500000, 0x00000000c8500000, 0x00000000c8600000|  0%| F|  |TAMS 0x00000000c8500000, 0x00000000c8500000| Untracked 
|  46|0x00000000c8600000, 0x00000000c8600000, 0x00000000c8700000|  0%| F|  |TAMS 0x00000000c8600000, 0x00000000c8600000| Untracked 
|  47|0x00000000c8700000, 0x00000000c8700000, 0x00000000c8800000|  0%| F|  |TAMS 0x00000000c8700000, 0x00000000c8700000| Untracked 
|  48|0x00000000c8800000, 0x00000000c8800000, 0x00000000c8900000|  0%| F|  |TAMS 0x00000000c8800000, 0x00000000c8800000| Untracked 
|  49|0x00000000c8900000, 0x00000000c8900000, 0x00000000c8a00000|  0%| F|  |TAMS 0x00000000c8900000, 0x00000000c8900000| Untracked 
|  50|0x00000000c8a00000, 0x00000000c8a00000, 0x00000000c8b00000|  0%| F|  |TAMS 0x00000000c8a00000, 0x00000000c8a00000| Untracked 
|  51|0x00000000c8b00000, 0x00000000c8b00000, 0x00000000c8c00000|  0%| F|  |TAMS 0x00000000c8b00000, 0x00000000c8b00000| Untracked 
|  52|0x00000000c8c00000, 0x00000000c8c00000, 0x00000000c8d00000|  0%| F|  |TAMS 0x00000000c8c00000, 0x00000000c8c00000| Untracked 
|  53|0x00000000c8d00000, 0x00000000c8d00000, 0x00000000c8e00000|  0%| F|  |TAMS 0x00000000c8d00000, 0x00000000c8d00000| Untracked 
|  54|0x00000000c8e00000, 0x00000000c8e00000, 0x00000000c8f00000|  0%| F|  |TAMS 0x00000000c8e00000, 0x00000000c8e00000| Untracked 
|  55|0x00000000c8f00000, 0x00000000c8f00000, 0x00000000c9000000|  0%| F|  |TAMS 0x00000000c8f00000, 0x00000000c8f00000| Untracked 
|  56|0x00000000c9000000, 0x00000000c9000000, 0x00000000c9100000|  0%| F|  |TAMS 0x00000000c9000000, 0x00000000c9000000| Untracked 
|  57|0x00000000c9100000, 0x00000000c9100000, 0x00000000c9200000|  0%| F|  |TAMS 0x00000000c9100000, 0x00000000c9100000| Untracked 
|  58|0x00000000c9200000, 0x00000000c9200000, 0x00000000c9300000|  0%| F|  |TAMS 0x00000000c9200000, 0x00000000c9200000| Untracked 
|  59|0x00000000c9300000, 0x00000000c9300000, 0x00000000c9400000|  0%| F|  |TAMS 0x00000000c9300000, 0x00000000c9300000| Untracked 
|  60|0x00000000c9400000, 0x00000000c9400000, 0x00000000c9500000|  0%| F|  |TAMS 0x00000000c9400000, 0x00000000c9400000| Untracked 
|  61|0x00000000c9500000, 0x00000000c9500000, 0x00000000c9600000|  0%| F|  |TAMS 0x00000000c9500000, 0x00000000c9500000| Untracked 
|  62|0x00000000c9600000, 0x00000000c9600000, 0x00000000c9700000|  0%| F|  |TAMS 0x00000000c9600000, 0x00000000c9600000| Untracked 
|  63|0x00000000c9700000, 0x00000000c9700000, 0x00000000c9800000|  0%| F|  |TAMS 0x00000000c9700000, 0x00000000c9700000| Untracked 
|  64|0x00000000c9800000, 0x00000000c9800000, 0x00000000c9900000|  0%| F|  |TAMS 0x00000000c9800000, 0x00000000c9800000| Untracked 
|  65|0x00000000c9900000, 0x00000000c9900000, 0x00000000c9a00000|  0%| F|  |TAMS 0x00000000c9900000, 0x00000000c9900000| Untracked 
|  66|0x00000000c9a00000, 0x00000000c9a00000, 0x00000000c9b00000|  0%| F|  |TAMS 0x00000000c9a00000, 0x00000000c9a00000| Untracked 
|  67|0x00000000c9b00000, 0x00000000c9b00000, 0x00000000c9c00000|  0%| F|  |TAMS 0x00000000c9b00000, 0x00000000c9b00000| Untracked 
|  68|0x00000000c9c00000, 0x00000000c9c00000, 0x00000000c9d00000|  0%| F|  |TAMS 0x00000000c9c00000, 0x00000000c9c00000| Untracked 
|  69|0x00000000c9d00000, 0x00000000c9d00000, 0x00000000c9e00000|  0%| F|  |TAMS 0x00000000c9d00000, 0x00000000c9d00000| Untracked 
|  70|0x00000000c9e00000, 0x00000000c9e00000, 0x00000000c9f00000|  0%| F|  |TAMS 0x00000000c9e00000, 0x00000000c9e00000| Untracked 
|  71|0x00000000c9f00000, 0x00000000c9f00000, 0x00000000ca000000|  0%| F|  |TAMS 0x00000000c9f00000, 0x00000000c9f00000| Untracked 
|  72|0x00000000ca000000, 0x00000000ca000000, 0x00000000ca100000|  0%| F|  |TAMS 0x00000000ca000000, 0x00000000ca000000| Untracked 
|  73|0x00000000ca100000, 0x00000000ca100000, 0x00000000ca200000|  0%| F|  |TAMS 0x00000000ca100000, 0x00000000ca100000| Untracked 
|  74|0x00000000ca200000, 0x00000000ca200000, 0x00000000ca300000|  0%| F|  |TAMS 0x00000000ca200000, 0x00000000ca200000| Untracked 
|  75|0x00000000ca300000, 0x00000000ca300000, 0x00000000ca400000|  0%| F|  |TAMS 0x00000000ca300000, 0x00000000ca300000| Untracked 
|  76|0x00000000ca400000, 0x00000000ca400000, 0x00000000ca500000|  0%| F|  |TAMS 0x00000000ca400000, 0x00000000ca400000| Untracked 
|  77|0x00000000ca500000, 0x00000000ca500000, 0x00000000ca600000|  0%| F|  |TAMS 0x00000000ca500000, 0x00000000ca500000| Untracked 
|  78|0x00000000ca600000, 0x00000000ca600000, 0x00000000ca700000|  0%| F|  |TAMS 0x00000000ca600000, 0x00000000ca600000| Untracked 
|  79|0x00000000ca700000, 0x00000000ca700000, 0x00000000ca800000|  0%| F|  |TAMS 0x00000000ca700000, 0x00000000ca700000| Untracked 
|  80|0x00000000ca800000, 0x00000000ca800000, 0x00000000ca900000|  0%| F|  |TAMS 0x00000000ca800000, 0x00000000ca800000| Untracked 
|  81|0x00000000ca900000, 0x00000000ca900000, 0x00000000caa00000|  0%| F|  |TAMS 0x00000000ca900000, 0x00000000ca900000| Untracked 
|  82|0x00000000caa00000, 0x00000000caa00000, 0x00000000cab00000|  0%| F|  |TAMS 0x00000000caa00000, 0x00000000caa00000| Untracked 
|  83|0x00000000cab00000, 0x00000000cab00000, 0x00000000cac00000|  0%| F|  |TAMS 0x00000000cab00000, 0x00000000cab00000| Untracked 
|  84|0x00000000cac00000, 0x00000000cac00000, 0x00000000cad00000|  0%| F|  |TAMS 0x00000000cac00000, 0x00000000cac00000| Untracked 
|  85|0x00000000cad00000, 0x00000000cad00000, 0x00000000cae00000|  0%| F|  |TAMS 0x00000000cad00000, 0x00000000cad00000| Untracked 
|  86|0x00000000cae00000, 0x00000000cae00000, 0x00000000caf00000|  0%| F|  |TAMS 0x00000000cae00000, 0x00000000cae00000| Untracked 
|  87|0x00000000caf00000, 0x00000000caf00000, 0x00000000cb000000|  0%| F|  |TAMS 0x00000000caf00000, 0x00000000caf00000| Untracked 
|  88|0x00000000cb000000, 0x00000000cb000000, 0x00000000cb100000|  0%| F|  |TAMS 0x00000000cb000000, 0x00000000cb000000| Untracked 
|  89|0x00000000cb100000, 0x00000000cb100000, 0x00000000cb200000|  0%| F|  |TAMS 0x00000000cb100000, 0x00000000cb100000| Untracked 
|  90|0x00000000cb200000, 0x00000000cb200000, 0x00000000cb300000|  0%| F|  |TAMS 0x00000000cb200000, 0x00000000cb200000| Untracked 
|  91|0x00000000cb300000, 0x00000000cb300000, 0x00000000cb400000|  0%| F|  |TAMS 0x00000000cb300000, 0x00000000cb300000| Untracked 
|  92|0x00000000cb400000, 0x00000000cb400000, 0x00000000cb500000|  0%| F|  |TAMS 0x00000000cb400000, 0x00000000cb400000| Untracked 
|  93|0x00000000cb500000, 0x00000000cb500000, 0x00000000cb600000|  0%| F|  |TAMS 0x00000000cb500000, 0x00000000cb500000| Untracked 
|  94|0x00000000cb600000, 0x00000000cb600000, 0x00000000cb700000|  0%| F|  |TAMS 0x00000000cb600000, 0x00000000cb600000| Untracked 
|  95|0x00000000cb700000, 0x00000000cb700000, 0x00000000cb800000|  0%| F|  |TAMS 0x00000000cb700000, 0x00000000cb700000| Untracked 
|  96|0x00000000cb800000, 0x00000000cb800000, 0x00000000cb900000|  0%| F|  |TAMS 0x00000000cb800000, 0x00000000cb800000| Untracked 
|  97|0x00000000cb900000, 0x00000000cb900000, 0x00000000cba00000|  0%| F|  |TAMS 0x00000000cb900000, 0x00000000cb900000| Untracked 
|  98|0x00000000cba00000, 0x00000000cba00000, 0x00000000cbb00000|  0%| F|  |TAMS 0x00000000cba00000, 0x00000000cba00000| Untracked 
|  99|0x00000000cbb00000, 0x00000000cbb00000, 0x00000000cbc00000|  0%| F|  |TAMS 0x00000000cbb00000, 0x00000000cbb00000| Untracked 
| 100|0x00000000cbc00000, 0x00000000cbc00000, 0x00000000cbd00000|  0%| F|  |TAMS 0x00000000cbc00000, 0x00000000cbc00000| Untracked 
| 101|0x00000000cbd00000, 0x00000000cbd00000, 0x00000000cbe00000|  0%| F|  |TAMS 0x00000000cbd00000, 0x00000000cbd00000| Untracked 
| 102|0x00000000cbe00000, 0x00000000cbe00000, 0x00000000cbf00000|  0%| F|  |TAMS 0x00000000cbe00000, 0x00000000cbe00000| Untracked 
| 103|0x00000000cbf00000, 0x00000000cbf56ea0, 0x00000000cc000000| 33%| S|CS|TAMS 0x00000000cbf00000, 0x00000000cbf00000| Complete 
| 104|0x00000000cc000000, 0x00000000cc000000, 0x00000000cc100000|  0%| F|  |TAMS 0x00000000cc000000, 0x00000000cc000000| Untracked 
| 105|0x00000000cc100000, 0x00000000cc100000, 0x00000000cc200000|  0%| F|  |TAMS 0x00000000cc100000, 0x00000000cc100000| Untracked 
| 106|0x00000000cc200000, 0x00000000cc200000, 0x00000000cc300000|  0%| F|  |TAMS 0x00000000cc200000, 0x00000000cc200000| Untracked 
| 107|0x00000000cc300000, 0x00000000cc300000, 0x00000000cc400000|  0%| F|  |TAMS 0x00000000cc300000, 0x00000000cc300000| Untracked 
| 934|0x00000000ffe00000, 0x00000000ffe47000, 0x00000000fff00000| 27%|OA|  |TAMS 0x00000000ffe47000, 0x00000000ffe00000| Untracked 
| 935|0x00000000fff00000, 0x00000000fff72000, 0x0000000100000000| 44%|CA|  |TAMS 0x00000000fff72000, 0x00000000fff00000| Untracked 

Card table byte_map: [0x00007f62ea27c000,0x00007f62ea450000] _byte_map_base: 0x00007f62e9c50000

Marking Bits (Prev, Next): (CMBitMap*) 0x00007f62e4053178, (CMBitMap*) 0x00007f62e4053138
 Prev Bits: [0x00007f62e8368000, 0x00007f62e9208000)
 Next Bits: [0x00007f62e9208000, 0x00007f62ea0a8000)

Polling page: 0x00007f62ee588000

Metaspace:

Usage:
  Non-class:     42.52 MB capacity,    41.72 MB ( 98%) used,   671.02 KB (  2%) free+waste,   152.19 KB ( <1%) overhead. 
      Class:      6.92 MB capacity,     6.44 MB ( 93%) used,   410.84 KB (  6%) free+waste,    72.94 KB (  1%) overhead. 
       Both:     49.44 MB capacity,    48.16 MB ( 97%) used,     1.06 MB (  2%) free+waste,   225.12 KB ( <1%) overhead. 

Virtual space:
  Non-class space:       44.00 MB reserved,      42.87 MB ( 97%) committed 
      Class space:        1.00 GB reserved,       7.12 MB ( <1%) committed 
             Both:        1.04 GB reserved,      50.00 MB (  5%) committed 

Chunk freelists:
   Non-Class:  39.38 KB
       Class:  14.00 KB
        Both:  53.38 KB

CodeHeap 'non-profiled nmethods': size=238948Kb used=15865Kb max_used=15865Kb free=223082Kb
 bounds [0x00007f62cd21f000, 0x00007f62ce19f000, 0x00007f62dbb78000]
CodeHeap 'non-nmethods': size=6812Kb used=1209Kb max_used=1209Kb free=5602Kb
 bounds [0x00007f62ccb78000, 0x00007f62ccde8000, 0x00007f62cd21f000]
 total_blobs=9418 nmethods=8731 adapters=487
 compilation: enabled
              stopped_count=0, restarted_count=0
 full_count=0

Compilation events (10 events):
Event: 37803.854 Thread 0x00007f62e40d5000 nmethod 9675 0x00007f62ce19c290 code [0x00007f62ce19c440, 0x00007f62ce19c610]
Event: 38622.421 Thread 0x00007f62e40d5000 9679       1       com.netflix.eureka.cluster.PeerEurekaNodes::isThisMyUrl (33 bytes)
Event: 38732.025 Thread 0x00007f62e40d5000 nmethod 9679 0x00007f62ce19c690 code [0x00007f62ce19c860, 0x00007f62ce19ca88]
Event: 41542.069 Thread 0x00007f62e40d5000 9680       1       com.google.common.util.concurrent.AbstractFuture::<init> (27 bytes)
Event: 41696.175 Thread 0x00007f62e40d5000 nmethod 9680 0x00007f62ce19cb90 code [0x00007f62ce19cd40, 0x00007f62ce19cff0]
Event: 41712.161 Thread 0x00007f62e40d5000 9701       1       com.google.common.cache.LocalCache$LoadingValueReference::set (9 bytes)
Event: 41758.883 Thread 0x00007f62e40d5000 nmethod 9701 0x00007f62ce19d090 code [0x00007f62ce19d260, 0x00007f62ce19d418]
Event: 41764.649 Thread 0x00007f62e40d5000 9681       1       com.google.common.util.concurrent.AbstractFuture$Sync::<init> (5 bytes)
Event: 41780.927 Thread 0x00007f62e40d5000 nmethod 9681 0x00007f62ce19d590 code [0x00007f62ce19d740, 0x00007f62ce19d870]
Event: 41844.579 Thread 0x00007f62e40d5000 9706       1       com.google.common.cache.LocalCache$WriteQueue::remove (44 bytes)

GC Heap History (10 events):
Event: 28225.756 GC heap after
{Heap after GC invocations=74 (full 0):
 garbage-first heap   total 112640K, used 34297K [0x00000000c5800000, 0x0000000100000000)
  region size 1024K, 1 young (1024K), 1 survivors (1024K)
 Metaspace       used 49577K, capacity 51030K, committed 51196K, reserved 1093632K
  class space    used 6656K, capacity 7193K, committed 7296K, reserved 1048576K
}
Event: 29854.825 GC heap before
{Heap before GC invocations=74 (full 0):
 garbage-first heap   total 112640K, used 38393K [0x00000000c5800000, 0x0000000100000000)
  region size 1024K, 5 young (5120K), 1 survivors (1024K)
 Metaspace       used 49577K, capacity 51030K, committed 51196K, reserved 1093632K
  class space    used 6656K, capacity 7193K, committed 7296K, reserved 1048576K
}
Event: 29906.475 GC heap after
{Heap after GC invocations=75 (full 0):
 garbage-first heap   total 112640K, used 34345K [0x00000000c5800000, 0x0000000100000000)
  region size 1024K, 1 young (1024K), 1 survivors (1024K)
 Metaspace       used 49577K, capacity 51030K, committed 51196K, reserved 1093632K
  class space    used 6656K, capacity 7193K, committed 7296K, reserved 1048576K
}
Event: 32855.875 GC heap before
{Heap before GC invocations=75 (full 0):
 garbage-first heap   total 112640K, used 38441K [0x00000000c5800000, 0x0000000100000000)
  region size 1024K, 5 young (5120K), 1 survivors (1024K)
 Metaspace       used 49577K, capacity 51030K, committed 51196K, reserved 1093632K
  class space    used 6656K, capacity 7193K, committed 7296K, reserved 1048576K
}
Event: 33031.352 GC heap after
{Heap after GC invocations=76 (full 0):
 garbage-first heap   total 112640K, used 34350K [0x00000000c5800000, 0x0000000100000000)
  region size 1024K, 1 young (1024K), 1 survivors (1024K)
 Metaspace       used 49577K, capacity 51030K, committed 51196K, reserved 1093632K
  class space    used 6656K, capacity 7193K, committed 7296K, reserved 1048576K
}
Event: 37335.287 GC heap before
{Heap before GC invocations=77 (full 0):
 garbage-first heap   total 112640K, used 38446K [0x00000000c5800000, 0x0000000100000000)
  region size 1024K, 5 young (5120K), 1 survivors (1024K)
 Metaspace       used 49315K, capacity 50622K, committed 51196K, reserved 1093632K
  class space    used 6597K, capacity 7081K, committed 7296K, reserved 1048576K
}
Event: 37359.687 GC heap after
{Heap after GC invocations=78 (full 0):
 garbage-first heap   total 112640K, used 34334K [0x00000000c5800000, 0x0000000100000000)
  region size 1024K, 1 young (1024K), 1 survivors (1024K)
 Metaspace       used 49315K, capacity 50622K, committed 51196K, reserved 1093632K
  class space    used 6597K, capacity 7081K, committed 7296K, reserved 1048576K
}
Event: 39886.148 GC heap before
{Heap before GC invocations=78 (full 0):
 garbage-first heap   total 112640K, used 38430K [0x00000000c5800000, 0x0000000100000000)
  region size 1024K, 5 young (5120K), 1 survivors (1024K)
 Metaspace       used 49315K, capacity 50622K, committed 51196K, reserved 1093632K
  class space    used 6597K, capacity 7081K, committed 7296K, reserved 1048576K
}
Event: 39936.686 GC heap after
{Heap after GC invocations=79 (full 0):
 garbage-first heap   total 112640K, used 32162K [0x00000000c5800000, 0x0000000100000000)
  region size 1024K, 1 young (1024K), 1 survivors (1024K)
 Metaspace       used 49315K, capacity 50622K, committed 51196K, reserved 1093632K
  class space    used 6597K, capacity 7081K, committed 7296K, reserved 1048576K
}
Event: 41868.170 GC heap before
{Heap before GC invocations=79 (full 0):
 garbage-first heap   total 112640K, used 36258K [0x00000000c5800000, 0x0000000100000000)
  region size 1024K, 5 young (5120K), 1 survivors (1024K)
 Metaspace       used 49315K, capacity 50622K, committed 51196K, reserved 1093632K
  class space    used 6597K, capacity 7081K, committed 7296K, reserved 1048576K
}

Deoptimization events (0 events):
No events

Classes redefined (0 events):
No events

Internal exceptions (10 events):
Event: 27285.006 Thread 0x00007f62e4fc5000 Exception <a 'java/net/SocketTimeoutException'{0x00000000ca2d1a58}: Read timed out> (0x00000000ca2d1a58) thrown at [/scratch/opt/mach5/mesos/work_dir/slaves/2dd962d0-8988-479b-a804-57ab764ada59-S77524/frameworks/1735e8a2-a1db-478c-8104-60c8b0af87dd-0196/e
Event: 27285.212 Thread 0x00007f62e4fc5000 Exception <a 'java/net/SocketTimeoutException'{0x00000000ca2d49f0}: Read timed out> (0x00000000ca2d49f0) thrown at [/scratch/opt/mach5/mesos/work_dir/slaves/2dd962d0-8988-479b-a804-57ab764ada59-S77524/frameworks/1735e8a2-a1db-478c-8104-60c8b0af87dd-0196/e
Event: 27351.182 Thread 0x00007f62e4fc1000 Exception <a 'java/net/SocketTimeoutException'{0x00000000ca3c7930}: Read timed out> (0x00000000ca3c7930) thrown at [/scratch/opt/mach5/mesos/work_dir/slaves/2dd962d0-8988-479b-a804-57ab764ada59-S77524/frameworks/1735e8a2-a1db-478c-8104-60c8b0af87dd-0196/e
Event: 27351.382 Thread 0x00007f62e4fc1000 Exception <a 'java/net/SocketTimeoutException'{0x00000000ca3ca130}: Read timed out> (0x00000000ca3ca130) thrown at [/scratch/opt/mach5/mesos/work_dir/slaves/2dd962d0-8988-479b-a804-57ab764ada59-S77524/frameworks/1735e8a2-a1db-478c-8104-60c8b0af87dd-0196/e
Event: 27398.988 Thread 0x00007f62e4fdf000 Exception <a 'java/net/SocketTimeoutException'{0x00000000ca2c5e50}: Read timed out> (0x00000000ca2c5e50) thrown at [/scratch/opt/mach5/mesos/work_dir/slaves/2dd962d0-8988-479b-a804-57ab764ada59-S77524/frameworks/1735e8a2-a1db-478c-8104-60c8b0af87dd-0196/e
Event: 27426.862 Thread 0x00007f62e4fc9000 Exception <a 'java/net/SocketTimeoutException'{0x00000000ca355f70}: Read timed out> (0x00000000ca355f70) thrown at [/scratch/opt/mach5/mesos/work_dir/slaves/2dd962d0-8988-479b-a804-57ab764ada59-S77524/frameworks/1735e8a2-a1db-478c-8104-60c8b0af87dd-0196/e
Event: 27600.961 Thread 0x00007f62e4fe1800 Exception <a 'java/net/SocketTimeoutException'{0x00000000ca36eb38}: Read timed out> (0x00000000ca36eb38) thrown at [/scratch/opt/mach5/mesos/work_dir/slaves/2dd962d0-8988-479b-a804-57ab764ada59-S77524/frameworks/1735e8a2-a1db-478c-8104-60c8b0af87dd-0196/e
Event: 27600.961 Thread 0x00007f62e4fdb000 Exception <a 'java/net/SocketTimeoutException'{0x00000000ca348588}: Read timed out> (0x00000000ca348588) thrown at [/scratch/opt/mach5/mesos/work_dir/slaves/2dd962d0-8988-479b-a804-57ab764ada59-S77524/frameworks/1735e8a2-a1db-478c-8104-60c8b0af87dd-0196/e
Event: 27645.041 Thread 0x00007f62e4fcd000 Exception <a 'java/net/SocketTimeoutException'{0x00000000ca22e758}: Read timed out> (0x00000000ca22e758) thrown at [/scratch/opt/mach5/mesos/work_dir/slaves/2dd962d0-8988-479b-a804-57ab764ada59-S77524/frameworks/1735e8a2-a1db-478c-8104-60c8b0af87dd-0196/e
Event: 27688.516 Thread 0x00007f62e4fd7000 Exception <a 'java/net/SocketTimeoutException'{0x00000000ca31cd10}: Read timed out> (0x00000000ca31cd10) thrown at [/scratch/opt/mach5/mesos/work_dir/slaves/2dd962d0-8988-479b-a804-57ab764ada59-S77524/frameworks/1735e8a2-a1db-478c-8104-60c8b0af87dd-0196/e

Events (10 events):
Event: 36151.580 Executing VM operation: BulkRevokeBias done
Event: 36151.595 Executing VM operation: BulkRevokeBias
Event: 36174.202 Executing VM operation: BulkRevokeBias done
Event: 36277.831 Executing VM operation: G1Concurrent
Event: 36370.982 Executing VM operation: G1Concurrent done
Event: 37335.139 Executing VM operation: G1CollectForAllocation
Event: 37369.413 Executing VM operation: G1CollectForAllocation done
Event: 39885.942 Executing VM operation: G1CollectForAllocation
Event: 39940.267 Executing VM operation: G1CollectForAllocation done
Event: 41862.896 Executing VM operation: G1CollectForAllocation


Dynamic libraries:
00400000-00401000 r-xp 00000000 08:01 24774701                           /home/tcs/Downloads/jdk-12.0.1/bin/java
00600000-00601000 r--p 00000000 08:01 24774701                           /home/tcs/Downloads/jdk-12.0.1/bin/java
00601000-00602000 rw-p 00001000 08:01 24774701                           /home/tcs/Downloads/jdk-12.0.1/bin/java
010d4000-01117000 rw-p 00000000 00:00 0                                  [heap]
c5800000-cc400000 rw-p 00000000 00:00 0 
d3200000-ffe00000 ---p 00000000 00:00 0 
ffe00000-ffe47000 rw-p 0119c000 08:01 24775139                           /home/tcs/Downloads/jdk-12.0.1/lib/server/classes.jsa
ffe47000-fff00000 rw-p 00000000 00:00 0 
fff00000-fff72000 rw-p 0112a000 08:01 24775139                           /home/tcs/Downloads/jdk-12.0.1/lib/server/classes.jsa
fff72000-100000000 rw-p 00000000 00:00 0 
800000000-800003000 rwxp 00001000 08:01 24775139                         /home/tcs/Downloads/jdk-12.0.1/lib/server/classes.jsa
800003000-8003d9000 rw-p 00004000 08:01 24775139                         /home/tcs/Downloads/jdk-12.0.1/lib/server/classes.jsa
8003d9000-800ae3000 r--p 003da000 08:01 24775139                         /home/tcs/Downloads/jdk-12.0.1/lib/server/classes.jsa
800ae3000-800ae4000 rw-p 00ae4000 08:01 24775139                         /home/tcs/Downloads/jdk-12.0.1/lib/server/classes.jsa
800ae4000-801129000 r--p 00ae5000 08:01 24775139                         /home/tcs/Downloads/jdk-12.0.1/lib/server/classes.jsa
801129000-801849000 rw-p 00000000 00:00 0 
801849000-841129000 ---p 00000000 00:00 0 
7f624948f000-7f62497db000 rw-p 00000000 00:00 0 
7f62497db000-7f62498db000 ---p 00000000 00:00 0 
7f62498db000-7f6249adb000 rw-p 00000000 00:00 0 
7f6249adb000-7f6249adf000 ---p 00000000 00:00 0 
7f6249adf000-7f6249bdc000 rw-p 00000000 00:00 0 
7f6249bdc000-7f6249be0000 ---p 00000000 00:00 0 
7f6249be0000-7f6249cdd000 rw-p 00000000 00:00 0 
7f6249cdd000-7f6249ce1000 ---p 00000000 00:00 0 
7f6249ce1000-7f6249dde000 rw-p 00000000 00:00 0 
7f6249dde000-7f6249de2000 ---p 00000000 00:00 0 
7f6249de2000-7f6249edf000 rw-p 00000000 00:00 0 
7f6249edf000-7f6249ee3000 ---p 00000000 00:00 0 
7f6249ee3000-7f6249fe0000 rw-p 00000000 00:00 0 
7f6249fe0000-7f6249fe4000 ---p 00000000 00:00 0 
7f6249fe4000-7f624a0e1000 rw-p 00000000 00:00 0 
7f624a0e1000-7f624a0e5000 ---p 00000000 00:00 0 
7f624a0e5000-7f624a1e2000 rw-p 00000000 00:00 0 
7f624a1e2000-7f624a1e6000 ---p 00000000 00:00 0 
7f624a1e6000-7f624a2e3000 rw-p 00000000 00:00 0 
7f624a2e3000-7f624a2e7000 ---p 00000000 00:00 0 
7f624a2e7000-7f624a3e4000 rw-p 00000000 00:00 0 
7f624a3e4000-7f624a3e8000 ---p 00000000 00:00 0 
7f624a3e8000-7f624a4e5000 rw-p 00000000 00:00 0 
7f624a4e5000-7f624a4e9000 ---p 00000000 00:00 0 
7f624a4e9000-7f624a5e6000 rw-p 00000000 00:00 0 
7f624a5e6000-7f624a5ea000 ---p 00000000 00:00 0 
7f624a5ea000-7f624a6e7000 rw-p 00000000 00:00 0 
7f624a6e7000-7f624a6eb000 ---p 00000000 00:00 0 
7f624a6eb000-7f624a7e8000 rw-p 00000000 00:00 0 
7f624a7e8000-7f624a7ec000 ---p 00000000 00:00 0 
7f624a7ec000-7f624a8e9000 rw-p 00000000 00:00 0 
7f624a8e9000-7f624a8ed000 ---p 00000000 00:00 0 
7f624a8ed000-7f624a9ea000 rw-p 00000000 00:00 0 
7f624a9ea000-7f624a9ee000 ---p 00000000 00:00 0 
7f624a9ee000-7f624aaeb000 rw-p 00000000 00:00 0 
7f624aaeb000-7f624aaef000 ---p 00000000 00:00 0 
7f624aaef000-7f624abec000 rw-p 00000000 00:00 0 
7f624abec000-7f624abf0000 ---p 00000000 00:00 0 
7f624abf0000-7f624aced000 rw-p 00000000 00:00 0 
7f624aced000-7f624acf1000 ---p 00000000 00:00 0 
7f624acf1000-7f624adee000 rw-p 00000000 00:00 0 
7f624adee000-7f624adf2000 ---p 00000000 00:00 0 
7f624adf2000-7f624aeef000 rw-p 00000000 00:00 0 
7f624aeef000-7f624aef3000 ---p 00000000 00:00 0 
7f624aef3000-7f624aff0000 rw-p 00000000 00:00 0 
7f624aff0000-7f624aff4000 ---p 00000000 00:00 0 
7f624aff4000-7f624b0f1000 rw-p 00000000 00:00 0 
7f624b0f1000-7f624b0f5000 ---p 00000000 00:00 0 
7f624b0f5000-7f624b1f2000 rw-p 00000000 00:00 0 
7f624b1f2000-7f624b1f6000 ---p 00000000 00:00 0 
7f624b1f6000-7f624b2f3000 rw-p 00000000 00:00 0 
7f624b2f3000-7f624b2f7000 ---p 00000000 00:00 0 
7f624b2f7000-7f624b3f4000 rw-p 00000000 00:00 0 
7f624b3f4000-7f624b3f8000 ---p 00000000 00:00 0 
7f624b3f8000-7f624b4f5000 rw-p 00000000 00:00 0 
7f624b4f5000-7f624b4f9000 ---p 00000000 00:00 0 
7f624b4f9000-7f624b5f6000 rw-p 00000000 00:00 0 
7f624b5f6000-7f624b5fa000 ---p 00000000 00:00 0 
7f624b5fa000-7f624b6f7000 rw-p 00000000 00:00 0 
7f624b6f7000-7f624b6fb000 ---p 00000000 00:00 0 
7f624b6fb000-7f624b7f8000 rw-p 00000000 00:00 0 
7f624b7f8000-7f624b7fc000 ---p 00000000 00:00 0 
7f624b7fc000-7f624b8f9000 rw-p 00000000 00:00 0 
7f624b8f9000-7f624b8fd000 ---p 00000000 00:00 0 
7f624b8fd000-7f624b9fa000 rw-p 00000000 00:00 0 
7f624b9fa000-7f624b9fe000 ---p 00000000 00:00 0 
7f624b9fe000-7f624bafb000 rw-p 00000000 00:00 0 
7f624bafb000-7f624baff000 ---p 00000000 00:00 0 
7f624baff000-7f624bbfc000 rw-p 00000000 00:00 0 
7f624bbfc000-7f624bc00000 ---p 00000000 00:00 0 
7f624bc00000-7f624bcfd000 rw-p 00000000 00:00 0 
7f624bcfd000-7f624bd01000 ---p 00000000 00:00 0 
7f624bd01000-7f624bdfe000 rw-p 00000000 00:00 0 
7f624bdfe000-7f624be02000 ---p 00000000 00:00 0 
7f624be02000-7f624beff000 rw-p 00000000 00:00 0 
7f624beff000-7f624bf03000 ---p 00000000 00:00 0 
7f624bf03000-7f624c000000 rw-p 00000000 00:00 0 
7f624c000000-7f624c021000 rw-p 00000000 00:00 0 
7f624c021000-7f6250000000 ---p 00000000 00:00 0 
7f6250000000-7f6250021000 rw-p 00000000 00:00 0 
7f6250021000-7f6254000000 ---p 00000000 00:00 0 
7f6254000000-7f6254021000 rw-p 00000000 00:00 0 
7f6254021000-7f6258000000 ---p 00000000 00:00 0 
7f6258000000-7f6258021000 rw-p 00000000 00:00 0 
7f6258021000-7f625c000000 ---p 00000000 00:00 0 
7f625c000000-7f625c045000 rw-p 00000000 00:00 0 
7f625c045000-7f6260000000 ---p 00000000 00:00 0 
7f6260000000-7f626005c000 rw-p 00000000 00:00 0 
7f626005c000-7f6264000000 ---p 00000000 00:00 0 
7f6264000000-7f6264021000 rw-p 00000000 00:00 0 
7f6264021000-7f6268000000 ---p 00000000 00:00 0 
7f6268000000-7f6268021000 rw-p 00000000 00:00 0 
7f6268021000-7f626c000000 ---p 00000000 00:00 0 
7f626c000000-7f626c021000 rw-p 00000000 00:00 0 
7f626c021000-7f6270000000 ---p 00000000 00:00 0 
7f6270000000-7f627002c000 rw-p 00000000 00:00 0 
7f627002c000-7f6274000000 ---p 00000000 00:00 0 
7f6274000000-7f6274021000 rw-p 00000000 00:00 0 
7f6274021000-7f6278000000 ---p 00000000 00:00 0 
7f6278000000-7f62783ae000 rw-p 00000000 00:00 0 
7f62783ae000-7f627c000000 ---p 00000000 00:00 0 
7f627c000000-7f627c021000 rw-p 00000000 00:00 0 
7f627c021000-7f6280000000 ---p 00000000 00:00 0 
7f6280000000-7f6280023000 rw-p 00000000 00:00 0 
7f6280023000-7f6284000000 ---p 00000000 00:00 0 
7f6284000000-7f6284021000 rw-p 00000000 00:00 0 
7f6284021000-7f6288000000 ---p 00000000 00:00 0 
7f6288000000-7f6288021000 rw-p 00000000 00:00 0 
7f6288021000-7f628c000000 ---p 00000000 00:00 0 
7f628c000000-7f628c025000 rw-p 00000000 00:00 0 
7f628c025000-7f6290000000 ---p 00000000 00:00 0 
7f6290000000-7f629002c000 rw-p 00000000 00:00 0 
7f629002c000-7f6294000000 ---p 00000000 00:00 0 
7f6294078000-7f629407c000 ---p 00000000 00:00 0 
7f629407c000-7f6294179000 rw-p 00000000 00:00 0 
7f6294179000-7f629417d000 ---p 00000000 00:00 0 
7f629417d000-7f629427a000 rw-p 00000000 00:00 0 
7f629427a000-7f629427e000 ---p 00000000 00:00 0 
7f629427e000-7f629457b000 rw-p 00000000 00:00 0 
7f629457b000-7f629457f000 ---p 00000000 00:00 0 
7f629457f000-7f629467c000 rw-p 00000000 00:00 0 
7f629467c000-7f6294680000 ---p 00000000 00:00 0 
7f6294680000-7f629497d000 rw-p 00000000 00:00 0 
7f629497d000-7f62949bd000 r-xp 00000000 08:01 24775125                   /home/tcs/Downloads/jdk-12.0.1/lib/libsunec.so
7f62949bd000-7f6294bbc000 ---p 00040000 08:01 24775125                   /home/tcs/Downloads/jdk-12.0.1/lib/libsunec.so
7f6294bbc000-7f6294bc1000 r--p 0003f000 08:01 24775125                   /home/tcs/Downloads/jdk-12.0.1/lib/libsunec.so
7f6294bc1000-7f6294bc3000 rw-p 00044000 08:01 24775125                   /home/tcs/Downloads/jdk-12.0.1/lib/libsunec.so
7f6294bc3000-7f6294bc7000 ---p 00000000 00:00 0 
7f6294bc7000-7f6294cc4000 rw-p 00000000 00:00 0 
7f6294cc4000-7f6294cc8000 ---p 00000000 00:00 0 
7f6294cc8000-7f6294dc5000 rw-p 00000000 00:00 0 
7f6294dc5000-7f6294dc9000 ---p 00000000 00:00 0 
7f6294dc9000-7f6294ec6000 rw-p 00000000 00:00 0 
7f6294ec6000-7f6294eca000 ---p 00000000 00:00 0 
7f6294eca000-7f6294fc7000 rw-p 00000000 00:00 0 
7f6294fc7000-7f6294fcb000 ---p 00000000 00:00 0 
7f6294fcb000-7f62952c8000 rw-p 00000000 00:00 0 
7f62952c8000-7f62954c8000 rw-p 00000000 00:00 0 
7f62954c8000-7f62954cc000 ---p 00000000 00:00 0 
7f62954cc000-7f62955c9000 rw-p 00000000 00:00 0 
7f62955c9000-7f62955cd000 ---p 00000000 00:00 0 
7f62955cd000-7f62958ca000 rw-p 00000000 00:00 0 
7f62958ca000-7f6295abd000 rw-p 00000000 00:00 0 
7f6295abd000-7f6295aca000 ---p 00000000 00:00 0 
7f6295aca000-7f6295cca000 rw-p 00000000 00:00 0 
7f6295cca000-7f6295eca000 rw-p 00000000 00:00 0 
7f6295eca000-7f62960ca000 rw-p 00000000 00:00 0 
7f62960ca000-7f62962ca000 rw-p 00000000 00:00 0 
7f62962ca000-7f62964ca000 rw-p 00000000 00:00 0 
7f62964ca000-7f62966b6000 rw-p 00000000 00:00 0 
7f62966b6000-7f62966ca000 ---p 00000000 00:00 0 
7f62966ca000-7f62968ca000 rw-p 00000000 00:00 0 
7f62968ca000-7f6296aca000 rw-p 00000000 00:00 0 
7f6296aca000-7f6296cca000 rw-p 00000000 00:00 0 
7f6296cca000-7f6296eca000 rw-p 00000000 00:00 0 
7f6296eca000-7f6296ecb000 ---p 00000000 00:00 0 
7f6296ecb000-7f6296fcc000 rw-p 00000000 00:00 0 
7f6296fcc000-7f6296fcd000 ---p 00000000 00:00 0 
7f6296fcd000-7f62970ce000 rw-p 00000000 00:00 0 
7f62970ce000-7f62970e5000 r-xp 00000000 08:01 27005781                   /lib/x86_64-linux-gnu/libresolv-2.27.so
7f62970e5000-7f62972e5000 ---p 00017000 08:01 27005781                   /lib/x86_64-linux-gnu/libresolv-2.27.so
7f62972e5000-7f62972e6000 r--p 00017000 08:01 27005781                   /lib/x86_64-linux-gnu/libresolv-2.27.so
7f62972e6000-7f62972e7000 rw-p 00018000 08:01 27005781                   /lib/x86_64-linux-gnu/libresolv-2.27.so
7f62972e7000-7f62972e9000 rw-p 00000000 00:00 0 
7f62972e9000-7f62972ee000 r-xp 00000000 08:01 27005730                   /lib/x86_64-linux-gnu/libnss_dns-2.27.so
7f62972ee000-7f62974ee000 ---p 00005000 08:01 27005730                   /lib/x86_64-linux-gnu/libnss_dns-2.27.so
7f62974ee000-7f62974ef000 r--p 00005000 08:01 27005730                   /lib/x86_64-linux-gnu/libnss_dns-2.27.so
7f62974ef000-7f62974f0000 rw-p 00006000 08:01 27005730                   /lib/x86_64-linux-gnu/libnss_dns-2.27.so
7f62974f0000-7f62974f2000 r-xp 00000000 08:01 27005738                   /lib/x86_64-linux-gnu/libnss_mdns4_minimal.so.2
7f62974f2000-7f62976f1000 ---p 00002000 08:01 27005738                   /lib/x86_64-linux-gnu/libnss_mdns4_minimal.so.2
7f62976f1000-7f62976f2000 r--p 00001000 08:01 27005738                   /lib/x86_64-linux-gnu/libnss_mdns4_minimal.so.2
7f62976f2000-7f62976f3000 rw-p 00002000 08:01 27005738                   /lib/x86_64-linux-gnu/libnss_mdns4_minimal.so.2
7f62976f3000-7f62976f7000 ---p 00000000 00:00 0 
7f62976f7000-7f62977f4000 rw-p 00000000 00:00 0 
7f62977f4000-7f62977f8000 ---p 00000000 00:00 0 
7f62977f8000-7f62978f5000 rw-p 00000000 00:00 0 
7f62978f5000-7f62978f6000 ---p 00000000 00:00 0 
7f62978f6000-7f62979f7000 rw-p 00000000 00:00 0 
7f62979f7000-7f62979f8000 ---p 00000000 00:00 0 
7f62979f8000-7f6297af9000 rw-p 00000000 00:00 0 
7f6297af9000-7f6297afa000 ---p 00000000 00:00 0 
7f6297afa000-7f6297bfb000 rw-p 00000000 00:00 0 
7f6297bfb000-7f6297bff000 ---p 00000000 00:00 0 
7f6297bff000-7f6297cfc000 rw-p 00000000 00:00 0 
7f6297cfc000-7f6297d00000 ---p 00000000 00:00 0 
7f6297d00000-7f6297dfd000 rw-p 00000000 00:00 0 
7f6297dfd000-7f6297dff000 r-xp 00000000 08:01 24775098                   /home/tcs/Downloads/jdk-12.0.1/lib/libextnet.so
7f6297dff000-7f6297ffe000 ---p 00002000 08:01 24775098                   /home/tcs/Downloads/jdk-12.0.1/lib/libextnet.so
7f6297ffe000-7f6297fff000 r--p 00001000 08:01 24775098                   /home/tcs/Downloads/jdk-12.0.1/lib/libextnet.so
7f6297fff000-7f6298000000 rw-p 00002000 08:01 24775098                   /home/tcs/Downloads/jdk-12.0.1/lib/libextnet.so
7f6298000000-7f6298021000 rw-p 00000000 00:00 0 
7f6298021000-7f629c000000 ---p 00000000 00:00 0 
7f629c000000-7f629c021000 rw-p 00000000 00:00 0 
7f629c021000-7f62a0000000 ---p 00000000 00:00 0 
7f62a0000000-7f62a0021000 rw-p 00000000 00:00 0 
7f62a0021000-7f62a4000000 ---p 00000000 00:00 0 
7f62a4000000-7f62a45de000 rw-p 00000000 00:00 0 
7f62a45de000-7f62a8000000 ---p 00000000 00:00 0 
7f62a8000000-7f62a8021000 rw-p 00000000 00:00 0 
7f62a8021000-7f62ac000000 ---p 00000000 00:00 0 
7f62ac000000-7f62ac021000 rw-p 00000000 00:00 0 
7f62ac021000-7f62b0000000 ---p 00000000 00:00 0 
7f62b0000000-7f62b0051000 rw-p 00000000 00:00 0 
7f62b0051000-7f62b4000000 ---p 00000000 00:00 0 
7f62b4000000-7f62b43e7000 rw-p 00000000 00:00 0 
7f62b43e7000-7f62b8000000 ---p 00000000 00:00 0 
7f62b8000000-7f62b8021000 rw-p 00000000 00:00 0 
7f62b8021000-7f62bc000000 ---p 00000000 00:00 0 
7f62bc0f7000-7f62bc0fb000 ---p 00000000 00:00 0 
7f62bc0fb000-7f62bc1f8000 rw-p 00000000 00:00 0 
7f62bc1f8000-7f62bc1fd000 r-xp 00000000 08:01 24775116                   /home/tcs/Downloads/jdk-12.0.1/lib/libmanagement_ext.so
7f62bc1fd000-7f62bc3fc000 ---p 00005000 08:01 24775116                   /home/tcs/Downloads/jdk-12.0.1/lib/libmanagement_ext.so
7f62bc3fc000-7f62bc3fd000 r--p 00004000 08:01 24775116                   /home/tcs/Downloads/jdk-12.0.1/lib/libmanagement_ext.so
7f62bc3fd000-7f62bc3fe000 rw-p 00005000 08:01 24775116                   /home/tcs/Downloads/jdk-12.0.1/lib/libmanagement_ext.so
7f62bc3fe000-7f62bc402000 r-xp 00000000 08:01 24775114                   /home/tcs/Downloads/jdk-12.0.1/lib/libmanagement.so
7f62bc402000-7f62bc601000 ---p 00004000 08:01 24775114                   /home/tcs/Downloads/jdk-12.0.1/lib/libmanagement.so
7f62bc601000-7f62bc602000 r--p 00003000 08:01 24775114                   /home/tcs/Downloads/jdk-12.0.1/lib/libmanagement.so
7f62bc602000-7f62bc603000 rw-p 00004000 08:01 24775114                   /home/tcs/Downloads/jdk-12.0.1/lib/libmanagement.so
7f62bc603000-7f62bc619000 r-xp 00000000 08:01 24775118                   /home/tcs/Downloads/jdk-12.0.1/lib/libnet.so
7f62bc619000-7f62bc819000 ---p 00016000 08:01 24775118                   /home/tcs/Downloads/jdk-12.0.1/lib/libnet.so
7f62bc819000-7f62bc81a000 r--p 00016000 08:01 24775118                   /home/tcs/Downloads/jdk-12.0.1/lib/libnet.so
7f62bc81a000-7f62bc81b000 rw-p 00017000 08:01 24775118                   /home/tcs/Downloads/jdk-12.0.1/lib/libnet.so
7f62bc81b000-7f62bc82c000 r-xp 00000000 08:01 24775119                   /home/tcs/Downloads/jdk-12.0.1/lib/libnio.so
7f62bc82c000-7f62bca2b000 ---p 00011000 08:01 24775119                   /home/tcs/Downloads/jdk-12.0.1/lib/libnio.so
7f62bca2b000-7f62bca2c000 r--p 00010000 08:01 24775119                   /home/tcs/Downloads/jdk-12.0.1/lib/libnio.so
7f62bca2c000-7f62bca2d000 rw-p 00011000 08:01 24775119                   /home/tcs/Downloads/jdk-12.0.1/lib/libnio.so
7f62bca2d000-7f62bca31000 ---p 00000000 00:00 0 
7f62bca31000-7f62bcb2e000 rw-p 00000000 00:00 0 
7f62bcb2e000-7f62bcb32000 ---p 00000000 00:00 0 
7f62bcb32000-7f62bcc2f000 rw-p 00000000 00:00 0 
7f62bcc2f000-7f62bcc33000 ---p 00000000 00:00 0 
7f62bcc33000-7f62bcd30000 rw-p 00000000 00:00 0 
7f62bcd30000-7f62bcd34000 ---p 00000000 00:00 0 
7f62bcd34000-7f62bce31000 rw-p 00000000 00:00 0 
7f62bce31000-7f62bd800000 r--p 00000000 08:01 29629038                   /usr/lib/locale/locale-archive
7f62bd800000-7f62c0000000 rw-p 00000000 00:00 0 
7f62c0000000-7f62c00b9000 rw-p 00000000 00:00 0 
7f62c00b9000-7f62c4000000 ---p 00000000 00:00 0 
7f62c4000000-7f62c404c000 rw-p 00000000 00:00 0 
7f62c404c000-7f62c8000000 ---p 00000000 00:00 0 
7f62c8000000-7f62c808b000 rw-p 00000000 00:00 0 
7f62c808b000-7f62cc000000 ---p 00000000 00:00 0 
7f62cc0c2000-7f62cc0ea000 rw-p 00000000 00:00 0 
7f62cc0ea000-7f62cc0ee000 ---p 00000000 00:00 0 
7f62cc0ee000-7f62cc1eb000 rw-p 00000000 00:00 0 
7f62cc1eb000-7f62cc1ef000 ---p 00000000 00:00 0 
7f62cc1ef000-7f62cc2ec000 rw-p 00000000 00:00 0 
7f62cc2ec000-7f62cc2f0000 ---p 00000000 00:00 0 
7f62cc2f0000-7f62cc3ed000 rw-p 00000000 00:00 0 
7f62cc3ed000-7f62cc3ee000 ---p 00000000 00:00 0 
7f62cc3ee000-7f62cc570000 rw-p 00000000 00:00 0 
7f62cc570000-7f62cc571000 ---p 00000000 00:00 0 
7f62cc571000-7f62cc672000 rw-p 00000000 00:00 0 
7f62cc672000-7f62cc673000 ---p 00000000 00:00 0 
7f62cc673000-7f62ccb78000 rw-p 00000000 00:00 0 
7f62ccb78000-7f62ccde8000 rwxp 00000000 00:00 0 
7f62ccde8000-7f62cd21f000 ---p 00000000 00:00 0 
7f62cd21f000-7f62ce19f000 rwxp 00000000 00:00 0 
7f62ce19f000-7f62dbb78000 ---p 00000000 00:00 0 
7f62dbb78000-7f62e4000000 r--s 00000000 08:01 24775129                   /home/tcs/Downloads/jdk-12.0.1/lib/modules
7f62e4000000-7f62e5b85000 rw-p 00000000 00:00 0 
7f62e5b85000-7f62e8000000 ---p 00000000 00:00 0 
7f62e8007000-7f62e8062000 rw-p 00000000 00:00 0 
7f62e8062000-7f62e8063000 ---p 00000000 00:00 0 
7f62e8063000-7f62e8164000 rw-p 00000000 00:00 0 
7f62e8164000-7f62e8165000 ---p 00000000 00:00 0 
7f62e8165000-7f62e8266000 rw-p 00000000 00:00 0 
7f62e8266000-7f62e8267000 ---p 00000000 00:00 0 
7f62e8267000-7f62e8518000 rw-p 00000000 00:00 0 
7f62e8518000-7f62e9200000 ---p 00000000 00:00 0 
7f62e9200000-7f62e93b8000 rw-p 00000000 00:00 0 
7f62e93b8000-7f62ea0a0000 ---p 00000000 00:00 0 
7f62ea0a0000-7f62ea0de000 rw-p 00000000 00:00 0 
7f62ea0de000-7f62ea27b000 ---p 00000000 00:00 0 
7f62ea27b000-7f62ea2b2000 rw-p 00000000 00:00 0 
7f62ea2b2000-7f62ea44f000 ---p 00000000 00:00 0 
7f62ea44f000-7f62ea486000 rw-p 00000000 00:00 0 
7f62ea486000-7f62ea623000 ---p 00000000 00:00 0 
7f62ea623000-7f62eaa47000 rw-p 00000000 00:00 0 
7f62eaa47000-7f62eabfb000 ---p 00000000 00:00 0 
7f62eabfb000-7f62eac16000 r-xp 00000000 08:01 24775109                   /home/tcs/Downloads/jdk-12.0.1/lib/libjimage.so
7f62eac16000-7f62eae15000 ---p 0001b000 08:01 24775109                   /home/tcs/Downloads/jdk-12.0.1/lib/libjimage.so
7f62eae15000-7f62eae17000 r--p 0001a000 08:01 24775109                   /home/tcs/Downloads/jdk-12.0.1/lib/libjimage.so
7f62eae17000-7f62eae18000 rw-p 0001c000 08:01 24775109                   /home/tcs/Downloads/jdk-12.0.1/lib/libjimage.so
7f62eae18000-7f62eae1f000 r-xp 00000000 08:01 24775128                   /home/tcs/Downloads/jdk-12.0.1/lib/libzip.so
7f62eae1f000-7f62eb01e000 ---p 00007000 08:01 24775128                   /home/tcs/Downloads/jdk-12.0.1/lib/libzip.so
7f62eb01e000-7f62eb01f000 r--p 00006000 08:01 24775128                   /home/tcs/Downloads/jdk-12.0.1/lib/libzip.so
7f62eb01f000-7f62eb020000 rw-p 00007000 08:01 24775128                   /home/tcs/Downloads/jdk-12.0.1/lib/libzip.so
7f62eb020000-7f62eb02b000 r-xp 00000000 08:01 27005732                   /lib/x86_64-linux-gnu/libnss_files-2.27.so
7f62eb02b000-7f62eb22a000 ---p 0000b000 08:01 27005732                   /lib/x86_64-linux-gnu/libnss_files-2.27.so
7f62eb22a000-7f62eb22b000 r--p 0000a000 08:01 27005732                   /lib/x86_64-linux-gnu/libnss_files-2.27.so
7f62eb22b000-7f62eb22c000 rw-p 0000b000 08:01 27005732                   /lib/x86_64-linux-gnu/libnss_files-2.27.so
7f62eb22c000-7f62eb232000 rw-p 00000000 00:00 0 
7f62eb232000-7f62eb249000 r-xp 00000000 08:01 27005726                   /lib/x86_64-linux-gnu/libnsl-2.27.so
7f62eb249000-7f62eb448000 ---p 00017000 08:01 27005726                   /lib/x86_64-linux-gnu/libnsl-2.27.so
7f62eb448000-7f62eb449000 r--p 00016000 08:01 27005726                   /lib/x86_64-linux-gnu/libnsl-2.27.so
7f62eb449000-7f62eb44a000 rw-p 00017000 08:01 27005726                   /lib/x86_64-linux-gnu/libnsl-2.27.so
7f62eb44a000-7f62eb44c000 rw-p 00000000 00:00 0 
7f62eb44c000-7f62eb457000 r-xp 00000000 08:01 27005743                   /lib/x86_64-linux-gnu/libnss_nis-2.27.so
7f62eb457000-7f62eb656000 ---p 0000b000 08:01 27005743                   /lib/x86_64-linux-gnu/libnss_nis-2.27.so
7f62eb656000-7f62eb657000 r--p 0000a000 08:01 27005743                   /lib/x86_64-linux-gnu/libnss_nis-2.27.so
7f62eb657000-7f62eb658000 rw-p 0000b000 08:01 27005743                   /lib/x86_64-linux-gnu/libnss_nis-2.27.so
7f62eb658000-7f62eb660000 r-xp 00000000 08:01 27005728                   /lib/x86_64-linux-gnu/libnss_compat-2.27.so
7f62eb660000-7f62eb860000 ---p 00008000 08:01 27005728                   /lib/x86_64-linux-gnu/libnss_compat-2.27.so
7f62eb860000-7f62eb861000 r--p 00008000 08:01 27005728                   /lib/x86_64-linux-gnu/libnss_compat-2.27.so
7f62eb861000-7f62eb862000 rw-p 00009000 08:01 27005728                   /lib/x86_64-linux-gnu/libnss_compat-2.27.so
7f62eb862000-7f62eb88a000 r-xp 00000000 08:01 24775105                   /home/tcs/Downloads/jdk-12.0.1/lib/libjava.so
7f62eb88a000-7f62eba89000 ---p 00028000 08:01 24775105                   /home/tcs/Downloads/jdk-12.0.1/lib/libjava.so
7f62eba89000-7f62eba8a000 r--p 00027000 08:01 24775105                   /home/tcs/Downloads/jdk-12.0.1/lib/libjava.so
7f62eba8a000-7f62eba8c000 rw-p 00028000 08:01 24775105                   /home/tcs/Downloads/jdk-12.0.1/lib/libjava.so
7f62eba8c000-7f62eba99000 r-xp 00000000 08:01 24775127                   /home/tcs/Downloads/jdk-12.0.1/lib/libverify.so
7f62eba99000-7f62ebc98000 ---p 0000d000 08:01 24775127                   /home/tcs/Downloads/jdk-12.0.1/lib/libverify.so
7f62ebc98000-7f62ebc9a000 r--p 0000c000 08:01 24775127                   /home/tcs/Downloads/jdk-12.0.1/lib/libverify.so
7f62ebc9a000-7f62ebc9b000 rw-p 0000e000 08:01 24775127                   /home/tcs/Downloads/jdk-12.0.1/lib/libverify.so
7f62ebc9b000-7f62ebca2000 r-xp 00000000 08:01 27005783                   /lib/x86_64-linux-gnu/librt-2.27.so
7f62ebca2000-7f62ebea1000 ---p 00007000 08:01 27005783                   /lib/x86_64-linux-gnu/librt-2.27.so
7f62ebea1000-7f62ebea2000 r--p 00006000 08:01 27005783                   /lib/x86_64-linux-gnu/librt-2.27.so
7f62ebea2000-7f62ebea3000 rw-p 00007000 08:01 27005783                   /lib/x86_64-linux-gnu/librt-2.27.so
7f62ebea3000-7f62ec040000 r-xp 00000000 08:01 27005705                   /lib/x86_64-linux-gnu/libm-2.27.so
7f62ec040000-7f62ec23f000 ---p 0019d000 08:01 27005705                   /lib/x86_64-linux-gnu/libm-2.27.so
7f62ec23f000-7f62ec240000 r--p 0019c000 08:01 27005705                   /lib/x86_64-linux-gnu/libm-2.27.so
7f62ec240000-7f62ec241000 rw-p 0019d000 08:01 27005705                   /lib/x86_64-linux-gnu/libm-2.27.so
7f62ec241000-7f62ed3a5000 r-xp 00000000 08:01 24775141                   /home/tcs/Downloads/jdk-12.0.1/lib/server/libjvm.so
7f62ed3a5000-7f62ed5a5000 ---p 01164000 08:01 24775141                   /home/tcs/Downloads/jdk-12.0.1/lib/server/libjvm.so
7f62ed5a5000-7f62ed666000 r--p 01164000 08:01 24775141                   /home/tcs/Downloads/jdk-12.0.1/lib/server/libjvm.so
7f62ed666000-7f62ed69f000 rw-p 01225000 08:01 24775141                   /home/tcs/Downloads/jdk-12.0.1/lib/server/libjvm.so
7f62ed69f000-7f62ed722000 rw-p 00000000 00:00 0 
7f62ed722000-7f62ed909000 r-xp 00000000 08:01 27005642                   /lib/x86_64-linux-gnu/libc-2.27.so
7f62ed909000-7f62edb09000 ---p 001e7000 08:01 27005642                   /lib/x86_64-linux-gnu/libc-2.27.so
7f62edb09000-7f62edb0d000 r--p 001e7000 08:01 27005642                   /lib/x86_64-linux-gnu/libc-2.27.so
7f62edb0d000-7f62edb0f000 rw-p 001eb000 08:01 27005642                   /lib/x86_64-linux-gnu/libc-2.27.so
7f62edb0f000-7f62edb13000 rw-p 00000000 00:00 0 
7f62edb13000-7f62edb16000 r-xp 00000000 08:01 27005665                   /lib/x86_64-linux-gnu/libdl-2.27.so
7f62edb16000-7f62edd15000 ---p 00003000 08:01 27005665                   /lib/x86_64-linux-gnu/libdl-2.27.so
7f62edd15000-7f62edd16000 r--p 00002000 08:01 27005665                   /lib/x86_64-linux-gnu/libdl-2.27.so
7f62edd16000-7f62edd17000 rw-p 00003000 08:01 27005665                   /lib/x86_64-linux-gnu/libdl-2.27.so
7f62edd17000-7f62edd31000 r-xp 00000000 08:01 27005775                   /lib/x86_64-linux-gnu/libpthread-2.27.so
7f62edd31000-7f62edf30000 ---p 0001a000 08:01 27005775                   /lib/x86_64-linux-gnu/libpthread-2.27.so
7f62edf30000-7f62edf31000 r--p 00019000 08:01 27005775                   /lib/x86_64-linux-gnu/libpthread-2.27.so
7f62edf31000-7f62edf32000 rw-p 0001a000 08:01 27005775                   /lib/x86_64-linux-gnu/libpthread-2.27.so
7f62edf32000-7f62edf36000 rw-p 00000000 00:00 0 
7f62edf36000-7f62edf46000 r-xp 00000000 08:01 24775110                   /home/tcs/Downloads/jdk-12.0.1/lib/libjli.so
7f62edf46000-7f62ee145000 ---p 00010000 08:01 24775110                   /home/tcs/Downloads/jdk-12.0.1/lib/libjli.so
7f62ee145000-7f62ee146000 r--p 0000f000 08:01 24775110                   /home/tcs/Downloads/jdk-12.0.1/lib/libjli.so
7f62ee146000-7f62ee147000 rw-p 00010000 08:01 24775110                   /home/tcs/Downloads/jdk-12.0.1/lib/libjli.so
7f62ee147000-7f62ee163000 r-xp 00000000 08:01 27005814                   /lib/x86_64-linux-gnu/libz.so.1.2.11
7f62ee163000-7f62ee362000 ---p 0001c000 08:01 27005814                   /lib/x86_64-linux-gnu/libz.so.1.2.11
7f62ee362000-7f62ee363000 r--p 0001b000 08:01 27005814                   /lib/x86_64-linux-gnu/libz.so.1.2.11
7f62ee363000-7f62ee364000 rw-p 0001c000 08:01 27005814                   /lib/x86_64-linux-gnu/libz.so.1.2.11
7f62ee364000-7f62ee38b000 r-xp 00000000 08:01 27005614                   /lib/x86_64-linux-gnu/ld-2.27.so
7f62ee391000-7f62ee46a000 rw-p 00000000 00:00 0 
7f62ee46a000-7f62ee473000 ---p 00000000 00:00 0 
7f62ee473000-7f62ee477000 ---p 00000000 00:00 0 
7f62ee477000-7f62ee578000 rw-p 00000000 00:00 0 
7f62ee580000-7f62ee588000 rw-s 00000000 08:01 6684710                    /tmp/hsperfdata_tcs/9054
7f62ee588000-7f62ee589000 ---p 00000000 00:00 0 
7f62ee589000-7f62ee58a000 r--p 00000000 00:00 0 
7f62ee58a000-7f62ee58b000 ---p 00000000 00:00 0 
7f62ee58b000-7f62ee58c000 r--p 00027000 08:01 27005614                   /lib/x86_64-linux-gnu/ld-2.27.so
7f62ee58c000-7f62ee58d000 rw-p 00028000 08:01 27005614                   /lib/x86_64-linux-gnu/ld-2.27.so
7f62ee58d000-7f62ee58e000 rw-p 00000000 00:00 0 
7ffde2c6f000-7ffde2c93000 rw-p 00000000 00:00 0                          [stack]
7ffde2d1f000-7ffde2d22000 r--p 00000000 00:00 0                          [vvar]
7ffde2d22000-7ffde2d24000 r-xp 00000000 00:00 0                          [vdso]
ffffffffff600000-ffffffffff601000 r-xp 00000000 00:00 0                  [vsyscall]


VM Arguments:
jvm_args: -Dcom.sun.management.jmxremote -Dcom.sun.management.jmxremote.port=39543 -Dcom.sun.management.jmxremote.authenticate=false -Dcom.sun.management.jmxremote.ssl=false -Djava.rmi.server.hostname=localhost -Dspring.liveBeansView.mbeanDomain -Dspring.application.admin.enabled=true -Djava.security.egd=file:/dev/./urandom -Xverify:none -XX:TieredStopAtLevel=1 -Dfile.encoding=UTF-8 
java_command: com.example.demo.DiscoveryServerApplication
java_class_path (initial): /home/tcs/Downloads/shivangi/eclipse-jee-photon-R-linux-gtk-x86_64(1)/eclipse/t/discovery-server/target/classes:/home/tcs/.m2/repository/org/springframework/cloud/spring-cloud-starter-netflix-eureka-server/2.1.1.RELEASE/spring-cloud-starter-netflix-eureka-server-2.1.1.RELEASE.jar:/home/tcs/.m2/repository/org/springframework/cloud/spring-cloud-starter/2.1.1.RELEASE/spring-cloud-starter-2.1.1.RELEASE.jar:/home/tcs/.m2/repository/org/springframework/cloud/spring-cloud-context/2.1.1.RELEASE/spring-cloud-context-2.1.1.RELEASE.jar:/home/tcs/.m2/repository/org/springframework/security/spring-security-crypto/5.1.5.RELEASE/spring-security-crypto-5.1.5.RELEASE.jar:/home/tcs/.m2/repository/org/springframework/cloud/spring-cloud-commons/2.1.1.RELEASE/spring-cloud-commons-2.1.1.RELEASE.jar:/home/tcs/.m2/repository/org/springframework/security/spring-security-rsa/1.0.7.RELEASE/spring-security-rsa-1.0.7.RELEASE.jar:/home/tcs/.m2/repository/org/bouncycastle/bcpkix-jdk15on/1.60/bcpkix-jdk15on-1.60.jar:/home/tcs/.m2/repository/org/bouncycastle/bcprov-jdk15on/1.60/bcprov-jdk15on-1.60.jar:/home/tcs/.m2/repository/org/springframework/cloud/spring-cloud-netflix-eureka-server/2.1.1.RELEASE/spring-cloud-netflix-eureka-server-2.1.1.RELEASE.jar:/home/tcs/.m2/repository/org/springframework/boot/spring-boot-starter-web/2.1.5.RELEASE/spring-boot-starter-web-2.1.5.RELEASE.jar:/home/tcs/.m2/repository/org/springframework/boot/spring-boot-starter-json/2.1.5.RELEASE/spring-boot-starter-json-2.1.5.RELEASE.jar:/home/tcs/.m2/repository/com/fasterxml/jackson/datatype/jackson-datatype-jdk8/2.9.8/jackson-datatype-jdk8-2.9.8.jar:/home/tcs/.m2/repository/com/fasterxml/jackson/datatype/jackson-datatype-jsr310/2.9.8/jackson-datatype-jsr310-2.9.8.jar:/home/tcs/.m2/repository/com/fasterxml/jackson/module/jackson-module-parameter-names/2.9.8/jackson-module-parameter-names-2.9.8.jar:/home/tcs/.m2/repository/org/springframework/boot/spring-boot-starter-tomcat/2.1.5.RELEASE/spring-boot
Launcher Type: SUN_STANDARD

[Global flags]
     bool BytecodeVerificationLocal                = false                                     {product} {command line}
     bool BytecodeVerificationRemote               = false                                     {product} {command line}
     intx CICompilerCount                          = 3                                         {product} {ergonomic}
     uint ConcGCThreads                            = 1                                         {product} {ergonomic}
     uint G1ConcRefinementThreads                  = 4                                         {product} {ergonomic}
   size_t G1HeapRegionSize                         = 1048576                                   {product} {ergonomic}
    uintx GCDrainStackTargetSize                   = 64                                        {product} {ergonomic}
   size_t InitialHeapSize                          = 62914560                                  {product} {ergonomic}
     bool ManagementServer                         = true                                      {product} {command line}
   size_t MarkStackSize                            = 4194304                                   {product} {ergonomic}
   size_t MaxHeapSize                              = 981467136                                 {product} {ergonomic}
   size_t MaxNewSize                               = 588251136                                 {product} {ergonomic}
   size_t MinHeapDeltaBytes                        = 1048576                                   {product} {ergonomic}
    uintx NonNMethodCodeHeapSize                   = 6973028                                {pd product} {ergonomic}
    uintx NonProfiledCodeHeapSize                  = 244685212                              {pd product} {ergonomic}
    uintx ProfiledCodeHeapSize                     = 0                                      {pd product} {ergonomic}
    uintx ReservedCodeCacheSize                    = 251658240                              {pd product} {ergonomic}
     bool SegmentedCodeCache                       = true                                      {product} {ergonomic}
     intx TieredStopAtLevel                        = 1                                         {product} {command line}
     bool UseCompressedClassPointers               = true                                 {lp64_product} {ergonomic}
     bool UseCompressedOops                        = true                                 {lp64_product} {ergonomic}
     bool UseG1GC                                  = true                                      {product} {ergonomic}

Logging:
Log output configuration:
 #0: stdout all=warning uptime,level,tags
 #1: stderr all=off uptime,level,tags

Environment Variables:
JAVA_HOME=/home/tcs/Downloads/jdk-12.0.1
PATH=/usr/local/sbin:/usr/local/bin:/usr/sbin:/usr/bin:/sbin:/bin:/usr/games:/usr/local/games:/snap/bin:/home/tcs/bin:/home/tcs/Downloads/jdk-12.0.1/bin
USERNAME=tcs
SHELL=/bin/bash
DISPLAY=:0

Signal Handlers:
SIGSEGV: 
------ Timeout during error reporting after 120 s. ------
